running egg_info
creating ../../build/fs_bringup/fs_bringup.egg-info
writing ../../build/fs_bringup/fs_bringup.egg-info/PKG-INFO
writing dependency_links to ../../build/fs_bringup/fs_bringup.egg-info/dependency_links.txt
writing requirements to ../../build/fs_bringup/fs_bringup.egg-info/requires.txt
writing top-level names to ../../build/fs_bringup/fs_bringup.egg-info/top_level.txt
writing manifest file '../../build/fs_bringup/fs_bringup.egg-info/SOURCES.txt'
reading manifest file '../../build/fs_bringup/fs_bringup.egg-info/SOURCES.txt'
writing manifest file '../../build/fs_bringup/fs_bringup.egg-info/SOURCES.txt'
running build
running build_py
creating /home/kiran_gunathilaka/development/mlcv/cone_detection_navigation/fs_ws/build/fs_bringup/build
creating /home/kiran_gunathilaka/development/mlcv/cone_detection_navigation/fs_ws/build/fs_bringup/build/lib
creating /home/kiran_gunathilaka/development/mlcv/cone_detection_navigation/fs_ws/build/fs_bringup/build/lib/fs_bringup
copying fs_bringup/__init__.py -> /home/kiran_gunathilaka/development/mlcv/cone_detection_navigation/fs_ws/build/fs_bringup/build/lib/fs_bringup
running install
running install_lib
creating /home/kiran_gunathilaka/development/mlcv/cone_detection_navigation/fs_ws/install/fs_bringup/lib/python3.12/site-packages/fs_bringup
copying /home/kiran_gunathilaka/development/mlcv/cone_detection_navigation/fs_ws/build/fs_bringup/build/lib/fs_bringup/__init__.py -> /home/kiran_gunathilaka/development/mlcv/cone_detection_navigation/fs_ws/install/fs_bringup/lib/python3.12/site-packages/fs_bringup
byte-compiling /home/kiran_gunathilaka/development/mlcv/cone_detection_navigation/fs_ws/install/fs_bringup/lib/python3.12/site-packages/fs_bringup/__init__.py to __init__.cpython-312.pyc
running install_data
creating /home/kiran_gunathilaka/development/mlcv/cone_detection_navigation/fs_ws/install/fs_bringup/share/ament_index
creating /home/kiran_gunathilaka/development/mlcv/cone_detection_navigation/fs_ws/install/fs_bringup/share/ament_index/resource_index
creating /home/kiran_gunathilaka/development/mlcv/cone_detection_navigation/fs_ws/install/fs_bringup/share/ament_index/resource_index/packages
copying resource/fs_bringup -> /home/kiran_gunathilaka/development/mlcv/cone_detection_navigation/fs_ws/install/fs_bringup/share/ament_index/resource_index/packages
copying package.xml -> /home/kiran_gunathilaka/development/mlcv/cone_detection_navigation/fs_ws/install/fs_bringup/share/fs_bringup
creating /home/kiran_gunathilaka/development/mlcv/cone_detection_navigation/fs_ws/install/fs_bringup/share/fs_bringup/launch
copying fs_bringup/launch/sim_bringup.launch.py -> /home/kiran_gunathilaka/development/mlcv/cone_detection_navigation/fs_ws/install/fs_bringup/share/fs_bringup/launch
running install_egg_info
Copying ../../build/fs_bringup/fs_bringup.egg-info to /home/kiran_gunathilaka/development/mlcv/cone_detection_navigation/fs_ws/install/fs_bringup/lib/python3.12/site-packages/fs_bringup-0.0.1-py3.12.egg-info
running install_scripts
writing list of installed files to '/home/kiran_gunathilaka/development/mlcv/cone_detection_navigation/fs_ws/build/fs_bringup/install.log'
