[2.141s] Invoking command in '/home/kiran_gunathilaka/development/mlcv/cone_detection_navigation/fs_ws/src/fs_bringup': CONDA_PROMPT_MODIFIER=(/home/kiran_gunathilaka/conda-envs/mlcv) DEBUGINFOD_URLS=https://debuginfod.ubuntu.com PYTHONPATH=/home/kiran_gunathilaka/development/mlcv/cone_detection_navigation/fs_ws/build/fs_bringup/prefix_override:/usr/lib/python3/dist-packages/colcon_core/task/python/colcon_distutils_commands:/home/kiran_gunathilaka/development/mlcv/cone_detection_navigation/fs_ws/install/fs_bringup/lib/python3.12/site-packages:${PYTHONPATH} /usr/bin/python3 -W ignore:setup.py install is deprecated -W ignore:easy_install command is deprecated setup.py egg_info --egg-base ../../build/fs_bringup build --build-base /home/kiran_gunathilaka/development/mlcv/cone_detection_navigation/fs_ws/build/fs_bringup/build install --record /home/kiran_gunathilaka/development/mlcv/cone_detection_navigation/fs_ws/build/fs_bringup/install.log --single-version-externally-managed install_data
[2.489s] running egg_info
[2.489s] creating ../../build/fs_bringup/fs_bringup.egg-info
[2.517s] writing ../../build/fs_bringup/fs_bringup.egg-info/PKG-INFO
[2.517s] writing dependency_links to ../../build/fs_bringup/fs_bringup.egg-info/dependency_links.txt
[2.517s] writing requirements to ../../build/fs_bringup/fs_bringup.egg-info/requires.txt
[2.518s] writing top-level names to ../../build/fs_bringup/fs_bringup.egg-info/top_level.txt
[2.518s] writing manifest file '../../build/fs_bringup/fs_bringup.egg-info/SOURCES.txt'
[2.573s] reading manifest file '../../build/fs_bringup/fs_bringup.egg-info/SOURCES.txt'
[2.574s] writing manifest file '../../build/fs_bringup/fs_bringup.egg-info/SOURCES.txt'
[2.575s] running build
[2.575s] running build_py
[2.576s] creating /home/kiran_gunathilaka/development/mlcv/cone_detection_navigation/fs_ws/build/fs_bringup/build
[2.576s] creating /home/kiran_gunathilaka/development/mlcv/cone_detection_navigation/fs_ws/build/fs_bringup/build/lib
[2.576s] creating /home/kiran_gunathilaka/development/mlcv/cone_detection_navigation/fs_ws/build/fs_bringup/build/lib/fs_bringup
[2.576s] copying fs_bringup/__init__.py -> /home/kiran_gunathilaka/development/mlcv/cone_detection_navigation/fs_ws/build/fs_bringup/build/lib/fs_bringup
[2.576s] running install
[2.582s] running install_lib
[2.611s] creating /home/kiran_gunathilaka/development/mlcv/cone_detection_navigation/fs_ws/install/fs_bringup/lib/python3.12/site-packages/fs_bringup
[2.611s] copying /home/kiran_gunathilaka/development/mlcv/cone_detection_navigation/fs_ws/build/fs_bringup/build/lib/fs_bringup/__init__.py -> /home/kiran_gunathilaka/development/mlcv/cone_detection_navigation/fs_ws/install/fs_bringup/lib/python3.12/site-packages/fs_bringup
[2.613s] byte-compiling /home/kiran_gunathilaka/development/mlcv/cone_detection_navigation/fs_ws/install/fs_bringup/lib/python3.12/site-packages/fs_bringup/__init__.py to __init__.cpython-312.pyc
[2.613s] running install_data
[2.613s] creating /home/kiran_gunathilaka/development/mlcv/cone_detection_navigation/fs_ws/install/fs_bringup/share/ament_index
[2.613s] creating /home/kiran_gunathilaka/development/mlcv/cone_detection_navigation/fs_ws/install/fs_bringup/share/ament_index/resource_index
[2.613s] creating /home/kiran_gunathilaka/development/mlcv/cone_detection_navigation/fs_ws/install/fs_bringup/share/ament_index/resource_index/packages
[2.613s] copying resource/fs_bringup -> /home/kiran_gunathilaka/development/mlcv/cone_detection_navigation/fs_ws/install/fs_bringup/share/ament_index/resource_index/packages
[2.614s] copying package.xml -> /home/kiran_gunathilaka/development/mlcv/cone_detection_navigation/fs_ws/install/fs_bringup/share/fs_bringup
[2.614s] running install_egg_info
[2.642s] Copying ../../build/fs_bringup/fs_bringup.egg-info to /home/kiran_gunathilaka/development/mlcv/cone_detection_navigation/fs_ws/install/fs_bringup/lib/python3.12/site-packages/fs_bringup-0.0.0-py3.12.egg-info
[2.642s] running install_scripts
[2.813s] writing list of installed files to '/home/kiran_gunathilaka/development/mlcv/cone_detection_navigation/fs_ws/build/fs_bringup/install.log'
[2.872s] Invoked command in '/home/kiran_gunathilaka/development/mlcv/cone_detection_navigation/fs_ws/src/fs_bringup' returned '0': CONDA_PROMPT_MODIFIER=(/home/kiran_gunathilaka/conda-envs/mlcv) DEBUGINFOD_URLS=https://debuginfod.ubuntu.com PYTHONPATH=/home/kiran_gunathilaka/development/mlcv/cone_detection_navigation/fs_ws/build/fs_bringup/prefix_override:/usr/lib/python3/dist-packages/colcon_core/task/python/colcon_distutils_commands:/home/kiran_gunathilaka/development/mlcv/cone_detection_navigation/fs_ws/install/fs_bringup/lib/python3.12/site-packages:${PYTHONPATH} /usr/bin/python3 -W ignore:setup.py install is deprecated -W ignore:easy_install command is deprecated setup.py egg_info --egg-base ../../build/fs_bringup build --build-base /home/kiran_gunathilaka/development/mlcv/cone_detection_navigation/fs_ws/build/fs_bringup/build install --record /home/kiran_gunathilaka/development/mlcv/cone_detection_navigation/fs_ws/build/fs_bringup/install.log --single-version-externally-managed install_data
