running egg_info
creating ../../build/fs_perception/fs_perception.egg-info
writing ../../build/fs_perception/fs_perception.egg-info/PKG-INFO
writing dependency_links to ../../build/fs_perception/fs_perception.egg-info/dependency_links.txt
writing requirements to ../../build/fs_perception/fs_perception.egg-info/requires.txt
writing top-level names to ../../build/fs_perception/fs_perception.egg-info/top_level.txt
writing manifest file '../../build/fs_perception/fs_perception.egg-info/SOURCES.txt'
reading manifest file '../../build/fs_perception/fs_perception.egg-info/SOURCES.txt'
writing manifest file '../../build/fs_perception/fs_perception.egg-info/SOURCES.txt'
running build
running build_py
creating /home/kiran_gunathilaka/development/mlcv/cone_detection_navigation/fs_ws/build/fs_perception/build
creating /home/kiran_gunathilaka/development/mlcv/cone_detection_navigation/fs_ws/build/fs_perception/build/lib
creating /home/kiran_gunathilaka/development/mlcv/cone_detection_navigation/fs_ws/build/fs_perception/build/lib/fs_perception
copying fs_perception/__init__.py -> /home/kiran_gunathilaka/development/mlcv/cone_detection_navigation/fs_ws/build/fs_perception/build/lib/fs_perception
running install
running install_lib
creating /home/kiran_gunathilaka/development/mlcv/cone_detection_navigation/fs_ws/install/fs_perception/lib/python3.12/site-packages/fs_perception
copying /home/kiran_gunathilaka/development/mlcv/cone_detection_navigation/fs_ws/build/fs_perception/build/lib/fs_perception/__init__.py -> /home/kiran_gunathilaka/development/mlcv/cone_detection_navigation/fs_ws/install/fs_perception/lib/python3.12/site-packages/fs_perception
byte-compiling /home/kiran_gunathilaka/development/mlcv/cone_detection_navigation/fs_ws/install/fs_perception/lib/python3.12/site-packages/fs_perception/__init__.py to __init__.cpython-312.pyc
running install_data
creating /home/kiran_gunathilaka/development/mlcv/cone_detection_navigation/fs_ws/install/fs_perception/share/ament_index
creating /home/kiran_gunathilaka/development/mlcv/cone_detection_navigation/fs_ws/install/fs_perception/share/ament_index/resource_index
creating /home/kiran_gunathilaka/development/mlcv/cone_detection_navigation/fs_ws/install/fs_perception/share/ament_index/resource_index/packages
copying resource/fs_perception -> /home/kiran_gunathilaka/development/mlcv/cone_detection_navigation/fs_ws/install/fs_perception/share/ament_index/resource_index/packages
copying package.xml -> /home/kiran_gunathilaka/development/mlcv/cone_detection_navigation/fs_ws/install/fs_perception/share/fs_perception
running install_egg_info
Copying ../../build/fs_perception/fs_perception.egg-info to /home/kiran_gunathilaka/development/mlcv/cone_detection_navigation/fs_ws/install/fs_perception/lib/python3.12/site-packages/fs_perception-0.0.0-py3.12.egg-info
running install_scripts
writing list of installed files to '/home/kiran_gunathilaka/development/mlcv/cone_detection_navigation/fs_ws/build/fs_perception/install.log'
