[2.134s] Invoking command in '/home/kiran_gunathilaka/development/mlcv/cone_detection_navigation/fs_ws/src/fs_perception': CONDA_PROMPT_MODIFIER=(/home/kiran_gunathilaka/conda-envs/mlcv) DEBUGINFOD_URLS=https://debuginfod.ubuntu.com PYTHONPATH=/home/kiran_gunathilaka/development/mlcv/cone_detection_navigation/fs_ws/build/fs_perception/prefix_override:/usr/lib/python3/dist-packages/colcon_core/task/python/colcon_distutils_commands:/home/kiran_gunathilaka/development/mlcv/cone_detection_navigation/fs_ws/install/fs_perception/lib/python3.12/site-packages:${PYTHONPATH} /usr/bin/python3 -W ignore:setup.py install is deprecated -W ignore:easy_install command is deprecated setup.py egg_info --egg-base ../../build/fs_perception build --build-base /home/kiran_gunathilaka/development/mlcv/cone_detection_navigation/fs_ws/build/fs_perception/build install --record /home/kiran_gunathilaka/development/mlcv/cone_detection_navigation/fs_ws/build/fs_perception/install.log --single-version-externally-managed install_data
[2.473s] running egg_info
[2.474s] creating ../../build/fs_perception/fs_perception.egg-info
[2.501s] writing ../../build/fs_perception/fs_perception.egg-info/PKG-INFO
[2.501s] writing dependency_links to ../../build/fs_perception/fs_perception.egg-info/dependency_links.txt
[2.502s] writing requirements to ../../build/fs_perception/fs_perception.egg-info/requires.txt
[2.502s] writing top-level names to ../../build/fs_perception/fs_perception.egg-info/top_level.txt
[2.502s] writing manifest file '../../build/fs_perception/fs_perception.egg-info/SOURCES.txt'
[2.556s] reading manifest file '../../build/fs_perception/fs_perception.egg-info/SOURCES.txt'
[2.557s] writing manifest file '../../build/fs_perception/fs_perception.egg-info/SOURCES.txt'
[2.557s] running build
[2.557s] running build_py
[2.558s] creating /home/kiran_gunathilaka/development/mlcv/cone_detection_navigation/fs_ws/build/fs_perception/build
[2.558s] creating /home/kiran_gunathilaka/development/mlcv/cone_detection_navigation/fs_ws/build/fs_perception/build/lib
[2.558s] creating /home/kiran_gunathilaka/development/mlcv/cone_detection_navigation/fs_ws/build/fs_perception/build/lib/fs_perception
[2.558s] copying fs_perception/__init__.py -> /home/kiran_gunathilaka/development/mlcv/cone_detection_navigation/fs_ws/build/fs_perception/build/lib/fs_perception
[2.558s] running install
[2.565s] running install_lib
[2.594s] creating /home/kiran_gunathilaka/development/mlcv/cone_detection_navigation/fs_ws/install/fs_perception/lib/python3.12/site-packages/fs_perception
[2.594s] copying /home/kiran_gunathilaka/development/mlcv/cone_detection_navigation/fs_ws/build/fs_perception/build/lib/fs_perception/__init__.py -> /home/kiran_gunathilaka/development/mlcv/cone_detection_navigation/fs_ws/install/fs_perception/lib/python3.12/site-packages/fs_perception
[2.594s] byte-compiling /home/kiran_gunathilaka/development/mlcv/cone_detection_navigation/fs_ws/install/fs_perception/lib/python3.12/site-packages/fs_perception/__init__.py to __init__.cpython-312.pyc
[2.595s] running install_data
[2.595s] creating /home/kiran_gunathilaka/development/mlcv/cone_detection_navigation/fs_ws/install/fs_perception/share/ament_index
[2.595s] creating /home/kiran_gunathilaka/development/mlcv/cone_detection_navigation/fs_ws/install/fs_perception/share/ament_index/resource_index
[2.595s] creating /home/kiran_gunathilaka/development/mlcv/cone_detection_navigation/fs_ws/install/fs_perception/share/ament_index/resource_index/packages
[2.595s] copying resource/fs_perception -> /home/kiran_gunathilaka/development/mlcv/cone_detection_navigation/fs_ws/install/fs_perception/share/ament_index/resource_index/packages
[2.595s] copying package.xml -> /home/kiran_gunathilaka/development/mlcv/cone_detection_navigation/fs_ws/install/fs_perception/share/fs_perception
[2.596s] running install_egg_info
[2.624s] Copying ../../build/fs_perception/fs_perception.egg-info to /home/kiran_gunathilaka/development/mlcv/cone_detection_navigation/fs_ws/install/fs_perception/lib/python3.12/site-packages/fs_perception-0.0.0-py3.12.egg-info
[2.625s] running install_scripts
[2.802s] writing list of installed files to '/home/kiran_gunathilaka/development/mlcv/cone_detection_navigation/fs_ws/build/fs_perception/install.log'
[2.887s] Invoked command in '/home/kiran_gunathilaka/development/mlcv/cone_detection_navigation/fs_ws/src/fs_perception' returned '0': CONDA_PROMPT_MODIFIER=(/home/kiran_gunathilaka/conda-envs/mlcv) DEBUGINFOD_URLS=https://debuginfod.ubuntu.com PYTHONPATH=/home/kiran_gunathilaka/development/mlcv/cone_detection_navigation/fs_ws/build/fs_perception/prefix_override:/usr/lib/python3/dist-packages/colcon_core/task/python/colcon_distutils_commands:/home/kiran_gunathilaka/development/mlcv/cone_detection_navigation/fs_ws/install/fs_perception/lib/python3.12/site-packages:${PYTHONPATH} /usr/bin/python3 -W ignore:setup.py install is deprecated -W ignore:easy_install command is deprecated setup.py egg_info --egg-base ../../build/fs_perception build --build-base /home/kiran_gunathilaka/development/mlcv/cone_detection_navigation/fs_ws/build/fs_perception/build install --record /home/kiran_gunathilaka/development/mlcv/cone_detection_navigation/fs_ws/build/fs_perception/install.log --single-version-externally-managed install_data
