running egg_info
creating ../../build/fs_world/fs_world.egg-info
writing ../../build/fs_world/fs_world.egg-info/PKG-INFO
writing dependency_links to ../../build/fs_world/fs_world.egg-info/dependency_links.txt
writing requirements to ../../build/fs_world/fs_world.egg-info/requires.txt
writing top-level names to ../../build/fs_world/fs_world.egg-info/top_level.txt
writing manifest file '../../build/fs_world/fs_world.egg-info/SOURCES.txt'
reading manifest file '../../build/fs_world/fs_world.egg-info/SOURCES.txt'
writing manifest file '../../build/fs_world/fs_world.egg-info/SOURCES.txt'
running build
running build_py
creating /home/kiran_gunathilaka/development/mlcv/cone_detection_navigation/fs_ws/build/fs_world/build
creating /home/kiran_gunathilaka/development/mlcv/cone_detection_navigation/fs_ws/build/fs_world/build/lib
creating /home/kiran_gunathilaka/development/mlcv/cone_detection_navigation/fs_ws/build/fs_world/build/lib/fs_world
copying fs_world/__init__.py -> /home/kiran_gunathilaka/development/mlcv/cone_detection_navigation/fs_ws/build/fs_world/build/lib/fs_world
running install
running install_lib
creating /home/kiran_gunathilaka/development/mlcv/cone_detection_navigation/fs_ws/install/fs_world/lib/python3.12/site-packages/fs_world
copying /home/kiran_gunathilaka/development/mlcv/cone_detection_navigation/fs_ws/build/fs_world/build/lib/fs_world/__init__.py -> /home/kiran_gunathilaka/development/mlcv/cone_detection_navigation/fs_ws/install/fs_world/lib/python3.12/site-packages/fs_world
byte-compiling /home/kiran_gunathilaka/development/mlcv/cone_detection_navigation/fs_ws/install/fs_world/lib/python3.12/site-packages/fs_world/__init__.py to __init__.cpython-312.pyc
running install_data
creating /home/kiran_gunathilaka/development/mlcv/cone_detection_navigation/fs_ws/install/fs_world/share/ament_index
creating /home/kiran_gunathilaka/development/mlcv/cone_detection_navigation/fs_ws/install/fs_world/share/ament_index/resource_index
creating /home/kiran_gunathilaka/development/mlcv/cone_detection_navigation/fs_ws/install/fs_world/share/ament_index/resource_index/packages
copying resource/fs_world -> /home/kiran_gunathilaka/development/mlcv/cone_detection_navigation/fs_ws/install/fs_world/share/ament_index/resource_index/packages
copying package.xml -> /home/kiran_gunathilaka/development/mlcv/cone_detection_navigation/fs_ws/install/fs_world/share/fs_world
running install_egg_info
Copying ../../build/fs_world/fs_world.egg-info to /home/kiran_gunathilaka/development/mlcv/cone_detection_navigation/fs_ws/install/fs_world/lib/python3.12/site-packages/fs_world-0.0.0-py3.12.egg-info
running install_scripts
writing list of installed files to '/home/kiran_gunathilaka/development/mlcv/cone_detection_navigation/fs_ws/build/fs_world/install.log'
