running egg_info
creating ../../build/fs_geometry/fs_geometry.egg-info
writing ../../build/fs_geometry/fs_geometry.egg-info/PKG-INFO
writing dependency_links to ../../build/fs_geometry/fs_geometry.egg-info/dependency_links.txt
writing requirements to ../../build/fs_geometry/fs_geometry.egg-info/requires.txt
writing top-level names to ../../build/fs_geometry/fs_geometry.egg-info/top_level.txt
writing manifest file '../../build/fs_geometry/fs_geometry.egg-info/SOURCES.txt'
reading manifest file '../../build/fs_geometry/fs_geometry.egg-info/SOURCES.txt'
writing manifest file '../../build/fs_geometry/fs_geometry.egg-info/SOURCES.txt'
running build
running build_py
creating /home/kiran_gunathilaka/development/mlcv/cone_detection_navigation/fs_ws/build/fs_geometry/build
creating /home/kiran_gunathilaka/development/mlcv/cone_detection_navigation/fs_ws/build/fs_geometry/build/lib
creating /home/kiran_gunathilaka/development/mlcv/cone_detection_navigation/fs_ws/build/fs_geometry/build/lib/fs_geometry
copying fs_geometry/__init__.py -> /home/kiran_gunathilaka/development/mlcv/cone_detection_navigation/fs_ws/build/fs_geometry/build/lib/fs_geometry
running install
running install_lib
creating /home/kiran_gunathilaka/development/mlcv/cone_detection_navigation/fs_ws/install/fs_geometry/lib/python3.12/site-packages/fs_geometry
copying /home/kiran_gunathilaka/development/mlcv/cone_detection_navigation/fs_ws/build/fs_geometry/build/lib/fs_geometry/__init__.py -> /home/kiran_gunathilaka/development/mlcv/cone_detection_navigation/fs_ws/install/fs_geometry/lib/python3.12/site-packages/fs_geometry
byte-compiling /home/kiran_gunathilaka/development/mlcv/cone_detection_navigation/fs_ws/install/fs_geometry/lib/python3.12/site-packages/fs_geometry/__init__.py to __init__.cpython-312.pyc
running install_data
creating /home/kiran_gunathilaka/development/mlcv/cone_detection_navigation/fs_ws/install/fs_geometry/share/ament_index
creating /home/kiran_gunathilaka/development/mlcv/cone_detection_navigation/fs_ws/install/fs_geometry/share/ament_index/resource_index
creating /home/kiran_gunathilaka/development/mlcv/cone_detection_navigation/fs_ws/install/fs_geometry/share/ament_index/resource_index/packages
copying resource/fs_geometry -> /home/kiran_gunathilaka/development/mlcv/cone_detection_navigation/fs_ws/install/fs_geometry/share/ament_index/resource_index/packages
copying package.xml -> /home/kiran_gunathilaka/development/mlcv/cone_detection_navigation/fs_ws/install/fs_geometry/share/fs_geometry
running install_egg_info
Copying ../../build/fs_geometry/fs_geometry.egg-info to /home/kiran_gunathilaka/development/mlcv/cone_detection_navigation/fs_ws/install/fs_geometry/lib/python3.12/site-packages/fs_geometry-0.0.0-py3.12.egg-info
running install_scripts
writing list of installed files to '/home/kiran_gunathilaka/development/mlcv/cone_detection_navigation/fs_ws/build/fs_geometry/install.log'
