[2.174s] Invoking command in '/home/kiran_gunathilaka/development/mlcv/cone_detection_navigation/fs_ws/src/fs_geometry': CONDA_PROMPT_MODIFIER=(/home/kiran_gunathilaka/conda-envs/mlcv) DEBUGINFOD_URLS=https://debuginfod.ubuntu.com PYTHONPATH=/home/kiran_gunathilaka/development/mlcv/cone_detection_navigation/fs_ws/build/fs_geometry/prefix_override:/usr/lib/python3/dist-packages/colcon_core/task/python/colcon_distutils_commands:/home/kiran_gunathilaka/development/mlcv/cone_detection_navigation/fs_ws/install/fs_geometry/lib/python3.12/site-packages:${PYTHONPATH} /usr/bin/python3 -W ignore:setup.py install is deprecated -W ignore:easy_install command is deprecated setup.py egg_info --egg-base ../../build/fs_geometry build --build-base /home/kiran_gunathilaka/development/mlcv/cone_detection_navigation/fs_ws/build/fs_geometry/build install --record /home/kiran_gunathilaka/development/mlcv/cone_detection_navigation/fs_ws/build/fs_geometry/install.log --single-version-externally-managed install_data
[2.504s] running egg_info
[2.506s] creating ../../build/fs_geometry/fs_geometry.egg-info
[2.532s] writing ../../build/fs_geometry/fs_geometry.egg-info/PKG-INFO
[2.532s] writing dependency_links to ../../build/fs_geometry/fs_geometry.egg-info/dependency_links.txt
[2.532s] writing requirements to ../../build/fs_geometry/fs_geometry.egg-info/requires.txt
[2.533s] writing top-level names to ../../build/fs_geometry/fs_geometry.egg-info/top_level.txt
[2.533s] writing manifest file '../../build/fs_geometry/fs_geometry.egg-info/SOURCES.txt'
[2.590s] reading manifest file '../../build/fs_geometry/fs_geometry.egg-info/SOURCES.txt'
[2.590s] writing manifest file '../../build/fs_geometry/fs_geometry.egg-info/SOURCES.txt'
[2.591s] running build
[2.591s] running build_py
[2.591s] creating /home/kiran_gunathilaka/development/mlcv/cone_detection_navigation/fs_ws/build/fs_geometry/build
[2.591s] creating /home/kiran_gunathilaka/development/mlcv/cone_detection_navigation/fs_ws/build/fs_geometry/build/lib
[2.591s] creating /home/kiran_gunathilaka/development/mlcv/cone_detection_navigation/fs_ws/build/fs_geometry/build/lib/fs_geometry
[2.591s] copying fs_geometry/__init__.py -> /home/kiran_gunathilaka/development/mlcv/cone_detection_navigation/fs_ws/build/fs_geometry/build/lib/fs_geometry
[2.592s] running install
[2.599s] running install_lib
[2.628s] creating /home/kiran_gunathilaka/development/mlcv/cone_detection_navigation/fs_ws/install/fs_geometry/lib/python3.12/site-packages/fs_geometry
[2.629s] copying /home/kiran_gunathilaka/development/mlcv/cone_detection_navigation/fs_ws/build/fs_geometry/build/lib/fs_geometry/__init__.py -> /home/kiran_gunathilaka/development/mlcv/cone_detection_navigation/fs_ws/install/fs_geometry/lib/python3.12/site-packages/fs_geometry
[2.629s] byte-compiling /home/kiran_gunathilaka/development/mlcv/cone_detection_navigation/fs_ws/install/fs_geometry/lib/python3.12/site-packages/fs_geometry/__init__.py to __init__.cpython-312.pyc
[2.630s] running install_data
[2.630s] creating /home/kiran_gunathilaka/development/mlcv/cone_detection_navigation/fs_ws/install/fs_geometry/share/ament_index
[2.630s] creating /home/kiran_gunathilaka/development/mlcv/cone_detection_navigation/fs_ws/install/fs_geometry/share/ament_index/resource_index
[2.630s] creating /home/kiran_gunathilaka/development/mlcv/cone_detection_navigation/fs_ws/install/fs_geometry/share/ament_index/resource_index/packages
[2.630s] copying resource/fs_geometry -> /home/kiran_gunathilaka/development/mlcv/cone_detection_navigation/fs_ws/install/fs_geometry/share/ament_index/resource_index/packages
[2.630s] copying package.xml -> /home/kiran_gunathilaka/development/mlcv/cone_detection_navigation/fs_ws/install/fs_geometry/share/fs_geometry
[2.631s] running install_egg_info
[2.659s] Copying ../../build/fs_geometry/fs_geometry.egg-info to /home/kiran_gunathilaka/development/mlcv/cone_detection_navigation/fs_ws/install/fs_geometry/lib/python3.12/site-packages/fs_geometry-0.0.0-py3.12.egg-info
[2.660s] running install_scripts
[2.826s] writing list of installed files to '/home/kiran_gunathilaka/development/mlcv/cone_detection_navigation/fs_ws/build/fs_geometry/install.log'
[2.903s] Invoked command in '/home/kiran_gunathilaka/development/mlcv/cone_detection_navigation/fs_ws/src/fs_geometry' returned '0': CONDA_PROMPT_MODIFIER=(/home/kiran_gunathilaka/conda-envs/mlcv) DEBUGINFOD_URLS=https://debuginfod.ubuntu.com PYTHONPATH=/home/kiran_gunathilaka/development/mlcv/cone_detection_navigation/fs_ws/build/fs_geometry/prefix_override:/usr/lib/python3/dist-packages/colcon_core/task/python/colcon_distutils_commands:/home/kiran_gunathilaka/development/mlcv/cone_detection_navigation/fs_ws/install/fs_geometry/lib/python3.12/site-packages:${PYTHONPATH} /usr/bin/python3 -W ignore:setup.py install is deprecated -W ignore:easy_install command is deprecated setup.py egg_info --egg-base ../../build/fs_geometry build --build-base /home/kiran_gunathilaka/development/mlcv/cone_detection_navigation/fs_ws/build/fs_geometry/build install --record /home/kiran_gunathilaka/development/mlcv/cone_detection_navigation/fs_ws/build/fs_geometry/install.log --single-version-externally-managed install_data
