[0.105s] DEBUG:colcon:Command line arguments: ['/usr/bin/colcon', 'build']
[0.105s] DEBUG:colcon:Parsed command line arguments: Namespace(log_base=None, log_level=None, verb_name='build', build_base='build', install_base='install', merge_install=False, symlink_install=False, test_result_base=None, continue_on_error=False, executor='parallel', parallel_workers=12, event_handlers=None, ignore_user_meta=False, metas=['./colcon.meta'], base_paths=['.'], packages_ignore=None, packages_ignore_regex=None, paths=None, packages_up_to=None, packages_up_to_regex=None, packages_above=None, packages_above_and_dependencies=None, packages_above_depth=None, packages_select_by_dep=None, packages_skip_by_dep=None, packages_skip_up_to=None, packages_select_build_failed=False, packages_skip_build_finished=False, packages_select_test_failures=False, packages_skip_test_passed=False, packages_select=None, packages_skip=None, packages_select_regex=None, packages_skip_regex=None, packages_start=None, packages_end=None, allow_overriding=[], cmake_args=None, cmake_target=None, cmake_target_skip_unavailable=False, cmake_clean_cache=False, cmake_clean_first=False, cmake_force_configure=False, ament_cmake_args=None, catkin_cmake_args=None, catkin_skip_building_tests=False, mixin_files=None, mixin=None, verb_parser=<colcon_mixin.mixin.mixin_argument.MixinArgumentDecorator object at 0x767bae3c82f0>, verb_extension=<colcon_core.verb.build.BuildVerb object at 0x767bae4dccb0>, main=<bound method BuildVerb.main of <colcon_core.verb.build.BuildVerb object at 0x767bae4dccb0>>, mixin_verb=('build',))
[0.138s] Level 1:colcon.colcon_core.package_discovery:discover_packages(colcon_meta) check parameters
[0.139s] Level 1:colcon.colcon_core.package_discovery:discover_packages(recursive) check parameters
[0.139s] Level 1:colcon.colcon_core.package_discovery:discover_packages(ignore) check parameters
[0.139s] Level 1:colcon.colcon_core.package_discovery:discover_packages(path) check parameters
[0.139s] Level 1:colcon.colcon_core.package_discovery:discover_packages(colcon_meta) discover
[0.139s] Level 1:colcon.colcon_core.package_discovery:discover_packages(recursive) discover
[0.139s] INFO:colcon.colcon_core.package_discovery:Crawling recursively for packages in '/home/kiran_gunathilaka/development/mlcv/cone_detection_navigation/fs_ws'
[0.139s] Level 1:colcon.colcon_core.package_identification:_identify(.) by extensions ['ignore', 'ignore_ament_install']
[0.139s] Level 1:colcon.colcon_core.package_identification:_identify(.) by extension 'ignore'
[0.139s] Level 1:colcon.colcon_core.package_identification:_identify(.) by extension 'ignore_ament_install'
[0.139s] Level 1:colcon.colcon_core.package_identification:_identify(.) by extensions ['colcon_pkg']
[0.139s] Level 1:colcon.colcon_core.package_identification:_identify(.) by extension 'colcon_pkg'
[0.139s] Level 1:colcon.colcon_core.package_identification:_identify(.) by extensions ['colcon_meta']
[0.139s] Level 1:colcon.colcon_core.package_identification:_identify(.) by extension 'colcon_meta'
[0.139s] Level 1:colcon.colcon_core.package_identification:_identify(.) by extensions ['ros']
[0.139s] Level 1:colcon.colcon_core.package_identification:_identify(.) by extension 'ros'
[0.161s] Level 1:colcon.colcon_core.package_identification:_identify(.) by extensions ['cmake', 'python']
[0.161s] Level 1:colcon.colcon_core.package_identification:_identify(.) by extension 'cmake'
[0.161s] Level 1:colcon.colcon_core.package_identification:_identify(.) by extension 'python'
[0.161s] Level 1:colcon.colcon_core.package_identification:_identify(.) by extensions ['python_setup_py']
[0.161s] Level 1:colcon.colcon_core.package_identification:_identify(.) by extension 'python_setup_py'
[0.161s] Level 1:colcon.colcon_core.package_identification:_identify(build) by extensions ['ignore', 'ignore_ament_install']
[0.161s] Level 1:colcon.colcon_core.package_identification:_identify(build) by extension 'ignore'
[0.162s] Level 1:colcon.colcon_core.package_identification:_identify(build) ignored
[0.162s] Level 1:colcon.colcon_core.package_identification:_identify(install) by extensions ['ignore', 'ignore_ament_install']
[0.162s] Level 1:colcon.colcon_core.package_identification:_identify(install) by extension 'ignore'
[0.162s] Level 1:colcon.colcon_core.package_identification:_identify(install) ignored
[0.162s] Level 1:colcon.colcon_core.package_identification:_identify(log) by extensions ['ignore', 'ignore_ament_install']
[0.162s] Level 1:colcon.colcon_core.package_identification:_identify(log) by extension 'ignore'
[0.162s] Level 1:colcon.colcon_core.package_identification:_identify(log) ignored
[0.162s] Level 1:colcon.colcon_core.package_identification:_identify(src) by extensions ['ignore', 'ignore_ament_install']
[0.162s] Level 1:colcon.colcon_core.package_identification:_identify(src) by extension 'ignore'
[0.162s] Level 1:colcon.colcon_core.package_identification:_identify(src) by extension 'ignore_ament_install'
[0.162s] Level 1:colcon.colcon_core.package_identification:_identify(src) by extensions ['colcon_pkg']
[0.162s] Level 1:colcon.colcon_core.package_identification:_identify(src) by extension 'colcon_pkg'
[0.162s] Level 1:colcon.colcon_core.package_identification:_identify(src) by extensions ['colcon_meta']
[0.162s] Level 1:colcon.colcon_core.package_identification:_identify(src) by extension 'colcon_meta'
[0.162s] Level 1:colcon.colcon_core.package_identification:_identify(src) by extensions ['ros']
[0.162s] Level 1:colcon.colcon_core.package_identification:_identify(src) by extension 'ros'
[0.162s] Level 1:colcon.colcon_core.package_identification:_identify(src) by extensions ['cmake', 'python']
[0.162s] Level 1:colcon.colcon_core.package_identification:_identify(src) by extension 'cmake'
[0.162s] Level 1:colcon.colcon_core.package_identification:_identify(src) by extension 'python'
[0.162s] Level 1:colcon.colcon_core.package_identification:_identify(src) by extensions ['python_setup_py']
[0.163s] Level 1:colcon.colcon_core.package_identification:_identify(src) by extension 'python_setup_py'
[0.163s] Level 1:colcon.colcon_core.package_identification:_identify(src/fs_bringup) by extensions ['ignore', 'ignore_ament_install']
[0.163s] Level 1:colcon.colcon_core.package_identification:_identify(src/fs_bringup) by extension 'ignore'
[0.163s] Level 1:colcon.colcon_core.package_identification:_identify(src/fs_bringup) by extension 'ignore_ament_install'
[0.163s] Level 1:colcon.colcon_core.package_identification:_identify(src/fs_bringup) by extensions ['colcon_pkg']
[0.163s] Level 1:colcon.colcon_core.package_identification:_identify(src/fs_bringup) by extension 'colcon_pkg'
[0.163s] Level 1:colcon.colcon_core.package_identification:_identify(src/fs_bringup) by extensions ['colcon_meta']
[0.163s] Level 1:colcon.colcon_core.package_identification:_identify(src/fs_bringup) by extension 'colcon_meta'
[0.163s] Level 1:colcon.colcon_core.package_identification:_identify(src/fs_bringup) by extensions ['ros']
[0.163s] Level 1:colcon.colcon_core.package_identification:_identify(src/fs_bringup) by extension 'ros'
[0.165s] DEBUG:colcon.colcon_core.package_identification:Package 'src/fs_bringup' with type 'ros.ament_python' and name 'fs_bringup'
[0.165s] Level 1:colcon.colcon_core.package_identification:_identify(src/fs_control) by extensions ['ignore', 'ignore_ament_install']
[0.165s] Level 1:colcon.colcon_core.package_identification:_identify(src/fs_control) by extension 'ignore'
[0.165s] Level 1:colcon.colcon_core.package_identification:_identify(src/fs_control) by extension 'ignore_ament_install'
[0.165s] Level 1:colcon.colcon_core.package_identification:_identify(src/fs_control) by extensions ['colcon_pkg']
[0.165s] Level 1:colcon.colcon_core.package_identification:_identify(src/fs_control) by extension 'colcon_pkg'
[0.165s] Level 1:colcon.colcon_core.package_identification:_identify(src/fs_control) by extensions ['colcon_meta']
[0.165s] Level 1:colcon.colcon_core.package_identification:_identify(src/fs_control) by extension 'colcon_meta'
[0.165s] Level 1:colcon.colcon_core.package_identification:_identify(src/fs_control) by extensions ['ros']
[0.165s] Level 1:colcon.colcon_core.package_identification:_identify(src/fs_control) by extension 'ros'
[0.166s] DEBUG:colcon.colcon_core.package_identification:Package 'src/fs_control' with type 'ros.ament_python' and name 'fs_control'
[0.166s] Level 1:colcon.colcon_core.package_identification:_identify(src/fs_geometry) by extensions ['ignore', 'ignore_ament_install']
[0.166s] Level 1:colcon.colcon_core.package_identification:_identify(src/fs_geometry) by extension 'ignore'
[0.166s] Level 1:colcon.colcon_core.package_identification:_identify(src/fs_geometry) by extension 'ignore_ament_install'
[0.166s] Level 1:colcon.colcon_core.package_identification:_identify(src/fs_geometry) by extensions ['colcon_pkg']
[0.166s] Level 1:colcon.colcon_core.package_identification:_identify(src/fs_geometry) by extension 'colcon_pkg'
[0.166s] Level 1:colcon.colcon_core.package_identification:_identify(src/fs_geometry) by extensions ['colcon_meta']
[0.166s] Level 1:colcon.colcon_core.package_identification:_identify(src/fs_geometry) by extension 'colcon_meta'
[0.166s] Level 1:colcon.colcon_core.package_identification:_identify(src/fs_geometry) by extensions ['ros']
[0.166s] Level 1:colcon.colcon_core.package_identification:_identify(src/fs_geometry) by extension 'ros'
[0.167s] DEBUG:colcon.colcon_core.package_identification:Package 'src/fs_geometry' with type 'ros.ament_python' and name 'fs_geometry'
[0.167s] Level 1:colcon.colcon_core.package_identification:_identify(src/fs_perception) by extensions ['ignore', 'ignore_ament_install']
[0.167s] Level 1:colcon.colcon_core.package_identification:_identify(src/fs_perception) by extension 'ignore'
[0.167s] Level 1:colcon.colcon_core.package_identification:_identify(src/fs_perception) by extension 'ignore_ament_install'
[0.167s] Level 1:colcon.colcon_core.package_identification:_identify(src/fs_perception) by extensions ['colcon_pkg']
[0.167s] Level 1:colcon.colcon_core.package_identification:_identify(src/fs_perception) by extension 'colcon_pkg'
[0.167s] Level 1:colcon.colcon_core.package_identification:_identify(src/fs_perception) by extensions ['colcon_meta']
[0.167s] Level 1:colcon.colcon_core.package_identification:_identify(src/fs_perception) by extension 'colcon_meta'
[0.167s] Level 1:colcon.colcon_core.package_identification:_identify(src/fs_perception) by extensions ['ros']
[0.167s] Level 1:colcon.colcon_core.package_identification:_identify(src/fs_perception) by extension 'ros'
[0.168s] DEBUG:colcon.colcon_core.package_identification:Package 'src/fs_perception' with type 'ros.ament_python' and name 'fs_perception'
[0.168s] Level 1:colcon.colcon_core.package_identification:_identify(src/fs_vehicle) by extensions ['ignore', 'ignore_ament_install']
[0.168s] Level 1:colcon.colcon_core.package_identification:_identify(src/fs_vehicle) by extension 'ignore'
[0.168s] Level 1:colcon.colcon_core.package_identification:_identify(src/fs_vehicle) by extension 'ignore_ament_install'
[0.168s] Level 1:colcon.colcon_core.package_identification:_identify(src/fs_vehicle) by extensions ['colcon_pkg']
[0.168s] Level 1:colcon.colcon_core.package_identification:_identify(src/fs_vehicle) by extension 'colcon_pkg'
[0.168s] Level 1:colcon.colcon_core.package_identification:_identify(src/fs_vehicle) by extensions ['colcon_meta']
[0.168s] Level 1:colcon.colcon_core.package_identification:_identify(src/fs_vehicle) by extension 'colcon_meta'
[0.168s] Level 1:colcon.colcon_core.package_identification:_identify(src/fs_vehicle) by extensions ['ros']
[0.168s] Level 1:colcon.colcon_core.package_identification:_identify(src/fs_vehicle) by extension 'ros'
[0.169s] DEBUG:colcon.colcon_core.package_identification:Package 'src/fs_vehicle' with type 'ros.ament_python' and name 'fs_vehicle'
[0.169s] Level 1:colcon.colcon_core.package_identification:_identify(src/fs_world) by extensions ['ignore', 'ignore_ament_install']
[0.169s] Level 1:colcon.colcon_core.package_identification:_identify(src/fs_world) by extension 'ignore'
[0.169s] Level 1:colcon.colcon_core.package_identification:_identify(src/fs_world) by extension 'ignore_ament_install'
[0.169s] Level 1:colcon.colcon_core.package_identification:_identify(src/fs_world) by extensions ['colcon_pkg']
[0.169s] Level 1:colcon.colcon_core.package_identification:_identify(src/fs_world) by extension 'colcon_pkg'
[0.169s] Level 1:colcon.colcon_core.package_identification:_identify(src/fs_world) by extensions ['colcon_meta']
[0.169s] Level 1:colcon.colcon_core.package_identification:_identify(src/fs_world) by extension 'colcon_meta'
[0.169s] Level 1:colcon.colcon_core.package_identification:_identify(src/fs_world) by extensions ['ros']
[0.169s] Level 1:colcon.colcon_core.package_identification:_identify(src/fs_world) by extension 'ros'
[0.169s] DEBUG:colcon.colcon_core.package_identification:Package 'src/fs_world' with type 'ros.ament_python' and name 'fs_world'
[0.169s] Level 1:colcon.colcon_core.package_discovery:discover_packages(recursive) using defaults
[0.170s] Level 1:colcon.colcon_core.package_discovery:discover_packages(ignore) discover
[0.170s] Level 1:colcon.colcon_core.package_discovery:discover_packages(ignore) using defaults
[0.170s] Level 1:colcon.colcon_core.package_discovery:discover_packages(path) discover
[0.170s] Level 1:colcon.colcon_core.package_discovery:discover_packages(path) using defaults
[0.185s] Level 1:colcon.colcon_core.package_discovery:discover_packages(prefix_path) check parameters
[0.185s] Level 1:colcon.colcon_core.package_discovery:discover_packages(prefix_path) discover
[0.186s] WARNING:colcon.colcon_ros.prefix_path.ament:The path '/home/kiran_gunathilaka/development/mlcv/cone_detection_navigation/fs_ws/install/fs_world' in the environment variable AMENT_PREFIX_PATH doesn't exist
[0.186s] WARNING:colcon.colcon_ros.prefix_path.ament:The path '/home/kiran_gunathilaka/development/mlcv/cone_detection_navigation/fs_ws/install/fs_vehicle' in the environment variable AMENT_PREFIX_PATH doesn't exist
[0.186s] WARNING:colcon.colcon_ros.prefix_path.ament:The path '/home/kiran_gunathilaka/development/mlcv/cone_detection_navigation/fs_ws/install/fs_perception' in the environment variable AMENT_PREFIX_PATH doesn't exist
[0.186s] WARNING:colcon.colcon_ros.prefix_path.ament:The path '/home/kiran_gunathilaka/development/mlcv/cone_detection_navigation/fs_ws/install/fs_geometry' in the environment variable AMENT_PREFIX_PATH doesn't exist
[0.186s] WARNING:colcon.colcon_ros.prefix_path.ament:The path '/home/kiran_gunathilaka/development/mlcv/cone_detection_navigation/fs_ws/install/fs_control' in the environment variable AMENT_PREFIX_PATH doesn't exist
[0.186s] WARNING:colcon.colcon_ros.prefix_path.ament:The path '/home/kiran_gunathilaka/development/mlcv/cone_detection_navigation/fs_ws/install/fs_bringup' in the environment variable AMENT_PREFIX_PATH doesn't exist
[0.187s] DEBUG:colcon.colcon_installed_package_information.package_discovery:Found 0 installed packages in /home/kiran_gunathilaka/development/mlcv/cone_detection_navigation/fs_ws/install
[0.188s] DEBUG:colcon.colcon_installed_package_information.package_discovery:Found 429 installed packages in /opt/ros/jazzy
[0.190s] Level 1:colcon.colcon_core.package_discovery:discover_packages(prefix_path) using defaults
[0.244s] Level 5:colcon.colcon_core.verb:set package 'fs_bringup' build argument 'cmake_args' from command line to 'None'
[0.244s] Level 5:colcon.colcon_core.verb:set package 'fs_bringup' build argument 'cmake_target' from command line to 'None'
[0.244s] Level 5:colcon.colcon_core.verb:set package 'fs_bringup' build argument 'cmake_target_skip_unavailable' from command line to 'False'
[0.244s] Level 5:colcon.colcon_core.verb:set package 'fs_bringup' build argument 'cmake_clean_cache' from command line to 'False'
[0.244s] Level 5:colcon.colcon_core.verb:set package 'fs_bringup' build argument 'cmake_clean_first' from command line to 'False'
[0.244s] Level 5:colcon.colcon_core.verb:set package 'fs_bringup' build argument 'cmake_force_configure' from command line to 'False'
[0.244s] Level 5:colcon.colcon_core.verb:set package 'fs_bringup' build argument 'ament_cmake_args' from command line to 'None'
[0.244s] Level 5:colcon.colcon_core.verb:set package 'fs_bringup' build argument 'catkin_cmake_args' from command line to 'None'
[0.244s] Level 5:colcon.colcon_core.verb:set package 'fs_bringup' build argument 'catkin_skip_building_tests' from command line to 'False'
[0.244s] DEBUG:colcon.colcon_core.verb:Building package 'fs_bringup' with the following arguments: {'ament_cmake_args': None, 'build_base': '/home/kiran_gunathilaka/development/mlcv/cone_detection_navigation/fs_ws/build/fs_bringup', 'catkin_cmake_args': None, 'catkin_skip_building_tests': False, 'cmake_args': None, 'cmake_clean_cache': False, 'cmake_clean_first': False, 'cmake_force_configure': False, 'cmake_target': None, 'cmake_target_skip_unavailable': False, 'install_base': '/home/kiran_gunathilaka/development/mlcv/cone_detection_navigation/fs_ws/install/fs_bringup', 'merge_install': False, 'path': '/home/kiran_gunathilaka/development/mlcv/cone_detection_navigation/fs_ws/src/fs_bringup', 'symlink_install': False, 'test_result_base': None}
[0.245s] Level 5:colcon.colcon_core.verb:set package 'fs_control' build argument 'cmake_args' from command line to 'None'
[0.245s] Level 5:colcon.colcon_core.verb:set package 'fs_control' build argument 'cmake_target' from command line to 'None'
[0.245s] Level 5:colcon.colcon_core.verb:set package 'fs_control' build argument 'cmake_target_skip_unavailable' from command line to 'False'
[0.245s] Level 5:colcon.colcon_core.verb:set package 'fs_control' build argument 'cmake_clean_cache' from command line to 'False'
[0.245s] Level 5:colcon.colcon_core.verb:set package 'fs_control' build argument 'cmake_clean_first' from command line to 'False'
[0.245s] Level 5:colcon.colcon_core.verb:set package 'fs_control' build argument 'cmake_force_configure' from command line to 'False'
[0.245s] Level 5:colcon.colcon_core.verb:set package 'fs_control' build argument 'ament_cmake_args' from command line to 'None'
[0.245s] Level 5:colcon.colcon_core.verb:set package 'fs_control' build argument 'catkin_cmake_args' from command line to 'None'
[0.245s] Level 5:colcon.colcon_core.verb:set package 'fs_control' build argument 'catkin_skip_building_tests' from command line to 'False'
[0.245s] DEBUG:colcon.colcon_core.verb:Building package 'fs_control' with the following arguments: {'ament_cmake_args': None, 'build_base': '/home/kiran_gunathilaka/development/mlcv/cone_detection_navigation/fs_ws/build/fs_control', 'catkin_cmake_args': None, 'catkin_skip_building_tests': False, 'cmake_args': None, 'cmake_clean_cache': False, 'cmake_clean_first': False, 'cmake_force_configure': False, 'cmake_target': None, 'cmake_target_skip_unavailable': False, 'install_base': '/home/kiran_gunathilaka/development/mlcv/cone_detection_navigation/fs_ws/install/fs_control', 'merge_install': False, 'path': '/home/kiran_gunathilaka/development/mlcv/cone_detection_navigation/fs_ws/src/fs_control', 'symlink_install': False, 'test_result_base': None}
[0.245s] Level 5:colcon.colcon_core.verb:set package 'fs_geometry' build argument 'cmake_args' from command line to 'None'
[0.245s] Level 5:colcon.colcon_core.verb:set package 'fs_geometry' build argument 'cmake_target' from command line to 'None'
[0.245s] Level 5:colcon.colcon_core.verb:set package 'fs_geometry' build argument 'cmake_target_skip_unavailable' from command line to 'False'
[0.245s] Level 5:colcon.colcon_core.verb:set package 'fs_geometry' build argument 'cmake_clean_cache' from command line to 'False'
[0.245s] Level 5:colcon.colcon_core.verb:set package 'fs_geometry' build argument 'cmake_clean_first' from command line to 'False'
[0.245s] Level 5:colcon.colcon_core.verb:set package 'fs_geometry' build argument 'cmake_force_configure' from command line to 'False'
[0.245s] Level 5:colcon.colcon_core.verb:set package 'fs_geometry' build argument 'ament_cmake_args' from command line to 'None'
[0.245s] Level 5:colcon.colcon_core.verb:set package 'fs_geometry' build argument 'catkin_cmake_args' from command line to 'None'
[0.245s] Level 5:colcon.colcon_core.verb:set package 'fs_geometry' build argument 'catkin_skip_building_tests' from command line to 'False'
[0.245s] DEBUG:colcon.colcon_core.verb:Building package 'fs_geometry' with the following arguments: {'ament_cmake_args': None, 'build_base': '/home/kiran_gunathilaka/development/mlcv/cone_detection_navigation/fs_ws/build/fs_geometry', 'catkin_cmake_args': None, 'catkin_skip_building_tests': False, 'cmake_args': None, 'cmake_clean_cache': False, 'cmake_clean_first': False, 'cmake_force_configure': False, 'cmake_target': None, 'cmake_target_skip_unavailable': False, 'install_base': '/home/kiran_gunathilaka/development/mlcv/cone_detection_navigation/fs_ws/install/fs_geometry', 'merge_install': False, 'path': '/home/kiran_gunathilaka/development/mlcv/cone_detection_navigation/fs_ws/src/fs_geometry', 'symlink_install': False, 'test_result_base': None}
[0.245s] Level 5:colcon.colcon_core.verb:set package 'fs_perception' build argument 'cmake_args' from command line to 'None'
[0.246s] Level 5:colcon.colcon_core.verb:set package 'fs_perception' build argument 'cmake_target' from command line to 'None'
[0.246s] Level 5:colcon.colcon_core.verb:set package 'fs_perception' build argument 'cmake_target_skip_unavailable' from command line to 'False'
[0.246s] Level 5:colcon.colcon_core.verb:set package 'fs_perception' build argument 'cmake_clean_cache' from command line to 'False'
[0.246s] Level 5:colcon.colcon_core.verb:set package 'fs_perception' build argument 'cmake_clean_first' from command line to 'False'
[0.246s] Level 5:colcon.colcon_core.verb:set package 'fs_perception' build argument 'cmake_force_configure' from command line to 'False'
[0.246s] Level 5:colcon.colcon_core.verb:set package 'fs_perception' build argument 'ament_cmake_args' from command line to 'None'
[0.246s] Level 5:colcon.colcon_core.verb:set package 'fs_perception' build argument 'catkin_cmake_args' from command line to 'None'
[0.246s] Level 5:colcon.colcon_core.verb:set package 'fs_perception' build argument 'catkin_skip_building_tests' from command line to 'False'
[0.246s] DEBUG:colcon.colcon_core.verb:Building package 'fs_perception' with the following arguments: {'ament_cmake_args': None, 'build_base': '/home/kiran_gunathilaka/development/mlcv/cone_detection_navigation/fs_ws/build/fs_perception', 'catkin_cmake_args': None, 'catkin_skip_building_tests': False, 'cmake_args': None, 'cmake_clean_cache': False, 'cmake_clean_first': False, 'cmake_force_configure': False, 'cmake_target': None, 'cmake_target_skip_unavailable': False, 'install_base': '/home/kiran_gunathilaka/development/mlcv/cone_detection_navigation/fs_ws/install/fs_perception', 'merge_install': False, 'path': '/home/kiran_gunathilaka/development/mlcv/cone_detection_navigation/fs_ws/src/fs_perception', 'symlink_install': False, 'test_result_base': None}
[0.246s] Level 5:colcon.colcon_core.verb:set package 'fs_vehicle' build argument 'cmake_args' from command line to 'None'
[0.246s] Level 5:colcon.colcon_core.verb:set package 'fs_vehicle' build argument 'cmake_target' from command line to 'None'
[0.246s] Level 5:colcon.colcon_core.verb:set package 'fs_vehicle' build argument 'cmake_target_skip_unavailable' from command line to 'False'
[0.246s] Level 5:colcon.colcon_core.verb:set package 'fs_vehicle' build argument 'cmake_clean_cache' from command line to 'False'
[0.246s] Level 5:colcon.colcon_core.verb:set package 'fs_vehicle' build argument 'cmake_clean_first' from command line to 'False'
[0.246s] Level 5:colcon.colcon_core.verb:set package 'fs_vehicle' build argument 'cmake_force_configure' from command line to 'False'
[0.246s] Level 5:colcon.colcon_core.verb:set package 'fs_vehicle' build argument 'ament_cmake_args' from command line to 'None'
[0.246s] Level 5:colcon.colcon_core.verb:set package 'fs_vehicle' build argument 'catkin_cmake_args' from command line to 'None'
[0.246s] Level 5:colcon.colcon_core.verb:set package 'fs_vehicle' build argument 'catkin_skip_building_tests' from command line to 'False'
[0.246s] DEBUG:colcon.colcon_core.verb:Building package 'fs_vehicle' with the following arguments: {'ament_cmake_args': None, 'build_base': '/home/kiran_gunathilaka/development/mlcv/cone_detection_navigation/fs_ws/build/fs_vehicle', 'catkin_cmake_args': None, 'catkin_skip_building_tests': False, 'cmake_args': None, 'cmake_clean_cache': False, 'cmake_clean_first': False, 'cmake_force_configure': False, 'cmake_target': None, 'cmake_target_skip_unavailable': False, 'install_base': '/home/kiran_gunathilaka/development/mlcv/cone_detection_navigation/fs_ws/install/fs_vehicle', 'merge_install': False, 'path': '/home/kiran_gunathilaka/development/mlcv/cone_detection_navigation/fs_ws/src/fs_vehicle', 'symlink_install': False, 'test_result_base': None}
[0.246s] Level 5:colcon.colcon_core.verb:set package 'fs_world' build argument 'cmake_args' from command line to 'None'
[0.246s] Level 5:colcon.colcon_core.verb:set package 'fs_world' build argument 'cmake_target' from command line to 'None'
[0.246s] Level 5:colcon.colcon_core.verb:set package 'fs_world' build argument 'cmake_target_skip_unavailable' from command line to 'False'
[0.246s] Level 5:colcon.colcon_core.verb:set package 'fs_world' build argument 'cmake_clean_cache' from command line to 'False'
[0.246s] Level 5:colcon.colcon_core.verb:set package 'fs_world' build argument 'cmake_clean_first' from command line to 'False'
[0.246s] Level 5:colcon.colcon_core.verb:set package 'fs_world' build argument 'cmake_force_configure' from command line to 'False'
[0.246s] Level 5:colcon.colcon_core.verb:set package 'fs_world' build argument 'ament_cmake_args' from command line to 'None'
[0.246s] Level 5:colcon.colcon_core.verb:set package 'fs_world' build argument 'catkin_cmake_args' from command line to 'None'
[0.246s] Level 5:colcon.colcon_core.verb:set package 'fs_world' build argument 'catkin_skip_building_tests' from command line to 'False'
[0.246s] DEBUG:colcon.colcon_core.verb:Building package 'fs_world' with the following arguments: {'ament_cmake_args': None, 'build_base': '/home/kiran_gunathilaka/development/mlcv/cone_detection_navigation/fs_ws/build/fs_world', 'catkin_cmake_args': None, 'catkin_skip_building_tests': False, 'cmake_args': None, 'cmake_clean_cache': False, 'cmake_clean_first': False, 'cmake_force_configure': False, 'cmake_target': None, 'cmake_target_skip_unavailable': False, 'install_base': '/home/kiran_gunathilaka/development/mlcv/cone_detection_navigation/fs_ws/install/fs_world', 'merge_install': False, 'path': '/home/kiran_gunathilaka/development/mlcv/cone_detection_navigation/fs_ws/src/fs_world', 'symlink_install': False, 'test_result_base': None}
[0.247s] INFO:colcon.colcon_core.executor:Executing jobs using 'parallel' executor
[0.247s] DEBUG:colcon.colcon_parallel_executor.executor.parallel:run_until_complete
[0.248s] INFO:colcon.colcon_ros.task.ament_python.build:Building ROS package in '/home/kiran_gunathilaka/development/mlcv/cone_detection_navigation/fs_ws/src/fs_bringup' with build type 'ament_python'
[0.248s] Level 1:colcon.colcon_core.shell:create_environment_hook('fs_bringup', 'ament_prefix_path')
[0.249s] INFO:colcon.colcon_core.plugin_system:Skipping extension 'colcon_core.shell.bat': Not used on non-Windows systems
[0.250s] INFO:colcon.colcon_core.shell:Creating environment hook '/home/kiran_gunathilaka/development/mlcv/cone_detection_navigation/fs_ws/install/fs_bringup/share/fs_bringup/hook/ament_prefix_path.ps1'
[0.250s] INFO:colcon.colcon_core.shell:Creating environment descriptor '/home/kiran_gunathilaka/development/mlcv/cone_detection_navigation/fs_ws/install/fs_bringup/share/fs_bringup/hook/ament_prefix_path.dsv'
[0.251s] INFO:colcon.colcon_core.shell:Creating environment hook '/home/kiran_gunathilaka/development/mlcv/cone_detection_navigation/fs_ws/install/fs_bringup/share/fs_bringup/hook/ament_prefix_path.sh'
[0.251s] INFO:colcon.colcon_core.shell:Skip shell extension 'powershell' for command environment: Not usable outside of PowerShell
[0.251s] DEBUG:colcon.colcon_core.shell:Skip shell extension 'dsv' for command environment
[0.256s] INFO:colcon.colcon_ros.task.ament_python.build:Building ROS package in '/home/kiran_gunathilaka/development/mlcv/cone_detection_navigation/fs_ws/src/fs_control' with build type 'ament_python'
[0.257s] Level 1:colcon.colcon_core.shell:create_environment_hook('fs_control', 'ament_prefix_path')
[0.257s] INFO:colcon.colcon_core.shell:Creating environment hook '/home/kiran_gunathilaka/development/mlcv/cone_detection_navigation/fs_ws/install/fs_control/share/fs_control/hook/ament_prefix_path.ps1'
[0.258s] INFO:colcon.colcon_core.shell:Creating environment descriptor '/home/kiran_gunathilaka/development/mlcv/cone_detection_navigation/fs_ws/install/fs_control/share/fs_control/hook/ament_prefix_path.dsv'
[0.258s] INFO:colcon.colcon_core.shell:Creating environment hook '/home/kiran_gunathilaka/development/mlcv/cone_detection_navigation/fs_ws/install/fs_control/share/fs_control/hook/ament_prefix_path.sh'
[0.259s] INFO:colcon.colcon_core.shell:Skip shell extension 'powershell' for command environment: Not usable outside of PowerShell
[0.259s] DEBUG:colcon.colcon_core.shell:Skip shell extension 'dsv' for command environment
[0.263s] INFO:colcon.colcon_ros.task.ament_python.build:Building ROS package in '/home/kiran_gunathilaka/development/mlcv/cone_detection_navigation/fs_ws/src/fs_geometry' with build type 'ament_python'
[0.263s] Level 1:colcon.colcon_core.shell:create_environment_hook('fs_geometry', 'ament_prefix_path')
[0.264s] INFO:colcon.colcon_core.shell:Creating environment hook '/home/kiran_gunathilaka/development/mlcv/cone_detection_navigation/fs_ws/install/fs_geometry/share/fs_geometry/hook/ament_prefix_path.ps1'
[0.266s] INFO:colcon.colcon_core.shell:Creating environment descriptor '/home/kiran_gunathilaka/development/mlcv/cone_detection_navigation/fs_ws/install/fs_geometry/share/fs_geometry/hook/ament_prefix_path.dsv'
[0.266s] INFO:colcon.colcon_core.shell:Creating environment hook '/home/kiran_gunathilaka/development/mlcv/cone_detection_navigation/fs_ws/install/fs_geometry/share/fs_geometry/hook/ament_prefix_path.sh'
[0.267s] INFO:colcon.colcon_core.shell:Skip shell extension 'powershell' for command environment: Not usable outside of PowerShell
[0.267s] DEBUG:colcon.colcon_core.shell:Skip shell extension 'dsv' for command environment
[0.271s] INFO:colcon.colcon_ros.task.ament_python.build:Building ROS package in '/home/kiran_gunathilaka/development/mlcv/cone_detection_navigation/fs_ws/src/fs_perception' with build type 'ament_python'
[0.271s] Level 1:colcon.colcon_core.shell:create_environment_hook('fs_perception', 'ament_prefix_path')
[0.271s] INFO:colcon.colcon_core.shell:Creating environment hook '/home/kiran_gunathilaka/development/mlcv/cone_detection_navigation/fs_ws/install/fs_perception/share/fs_perception/hook/ament_prefix_path.ps1'
[0.272s] INFO:colcon.colcon_core.shell:Creating environment descriptor '/home/kiran_gunathilaka/development/mlcv/cone_detection_navigation/fs_ws/install/fs_perception/share/fs_perception/hook/ament_prefix_path.dsv'
[0.272s] INFO:colcon.colcon_core.shell:Creating environment hook '/home/kiran_gunathilaka/development/mlcv/cone_detection_navigation/fs_ws/install/fs_perception/share/fs_perception/hook/ament_prefix_path.sh'
[0.273s] INFO:colcon.colcon_core.shell:Skip shell extension 'powershell' for command environment: Not usable outside of PowerShell
[0.273s] DEBUG:colcon.colcon_core.shell:Skip shell extension 'dsv' for command environment
[0.276s] INFO:colcon.colcon_ros.task.ament_python.build:Building ROS package in '/home/kiran_gunathilaka/development/mlcv/cone_detection_navigation/fs_ws/src/fs_vehicle' with build type 'ament_python'
[0.276s] Level 1:colcon.colcon_core.shell:create_environment_hook('fs_vehicle', 'ament_prefix_path')
[0.276s] INFO:colcon.colcon_core.shell:Creating environment hook '/home/kiran_gunathilaka/development/mlcv/cone_detection_navigation/fs_ws/install/fs_vehicle/share/fs_vehicle/hook/ament_prefix_path.ps1'
[0.276s] INFO:colcon.colcon_core.shell:Creating environment descriptor '/home/kiran_gunathilaka/development/mlcv/cone_detection_navigation/fs_ws/install/fs_vehicle/share/fs_vehicle/hook/ament_prefix_path.dsv'
[0.277s] INFO:colcon.colcon_core.shell:Creating environment hook '/home/kiran_gunathilaka/development/mlcv/cone_detection_navigation/fs_ws/install/fs_vehicle/share/fs_vehicle/hook/ament_prefix_path.sh'
[0.277s] INFO:colcon.colcon_core.shell:Skip shell extension 'powershell' for command environment: Not usable outside of PowerShell
[0.277s] DEBUG:colcon.colcon_core.shell:Skip shell extension 'dsv' for command environment
[0.280s] INFO:colcon.colcon_ros.task.ament_python.build:Building ROS package in '/home/kiran_gunathilaka/development/mlcv/cone_detection_navigation/fs_ws/src/fs_world' with build type 'ament_python'
[0.280s] Level 1:colcon.colcon_core.shell:create_environment_hook('fs_world', 'ament_prefix_path')
[0.280s] INFO:colcon.colcon_core.shell:Creating environment hook '/home/kiran_gunathilaka/development/mlcv/cone_detection_navigation/fs_ws/install/fs_world/share/fs_world/hook/ament_prefix_path.ps1'
[0.281s] INFO:colcon.colcon_core.shell:Creating environment descriptor '/home/kiran_gunathilaka/development/mlcv/cone_detection_navigation/fs_ws/install/fs_world/share/fs_world/hook/ament_prefix_path.dsv'
[0.281s] INFO:colcon.colcon_core.shell:Creating environment hook '/home/kiran_gunathilaka/development/mlcv/cone_detection_navigation/fs_ws/install/fs_world/share/fs_world/hook/ament_prefix_path.sh'
[0.281s] INFO:colcon.colcon_core.shell:Skip shell extension 'powershell' for command environment: Not usable outside of PowerShell
[0.281s] DEBUG:colcon.colcon_core.shell:Skip shell extension 'dsv' for command environment
[0.497s] INFO:colcon.colcon_core.task.python.build:Building Python package in '/home/kiran_gunathilaka/development/mlcv/cone_detection_navigation/fs_ws/src/fs_bringup'
[0.497s] INFO:colcon.colcon_core.shell:Skip shell extension 'powershell' for command environment: Not usable outside of PowerShell
[0.497s] DEBUG:colcon.colcon_core.shell:Skip shell extension 'dsv' for command environment
[0.701s] INFO:colcon.colcon_core.task.python.build:Building Python package in '/home/kiran_gunathilaka/development/mlcv/cone_detection_navigation/fs_ws/src/fs_control'
[0.701s] INFO:colcon.colcon_core.shell:Skip shell extension 'powershell' for command environment: Not usable outside of PowerShell
[0.701s] DEBUG:colcon.colcon_core.shell:Skip shell extension 'dsv' for command environment
[0.910s] INFO:colcon.colcon_core.task.python.build:Building Python package in '/home/kiran_gunathilaka/development/mlcv/cone_detection_navigation/fs_ws/src/fs_geometry'
[0.910s] INFO:colcon.colcon_core.shell:Skip shell extension 'powershell' for command environment: Not usable outside of PowerShell
[0.910s] DEBUG:colcon.colcon_core.shell:Skip shell extension 'dsv' for command environment
[1.109s] INFO:colcon.colcon_core.task.python.build:Building Python package in '/home/kiran_gunathilaka/development/mlcv/cone_detection_navigation/fs_ws/src/fs_perception'
[1.109s] INFO:colcon.colcon_core.shell:Skip shell extension 'powershell' for command environment: Not usable outside of PowerShell
[1.109s] DEBUG:colcon.colcon_core.shell:Skip shell extension 'dsv' for command environment
[1.312s] INFO:colcon.colcon_core.task.python.build:Building Python package in '/home/kiran_gunathilaka/development/mlcv/cone_detection_navigation/fs_ws/src/fs_vehicle'
[1.313s] INFO:colcon.colcon_core.shell:Skip shell extension 'powershell' for command environment: Not usable outside of PowerShell
[1.313s] DEBUG:colcon.colcon_core.shell:Skip shell extension 'dsv' for command environment
[1.518s] INFO:colcon.colcon_core.task.python.build:Building Python package in '/home/kiran_gunathilaka/development/mlcv/cone_detection_navigation/fs_ws/src/fs_world'
[1.518s] INFO:colcon.colcon_core.shell:Skip shell extension 'powershell' for command environment: Not usable outside of PowerShell
[1.518s] DEBUG:colcon.colcon_core.shell:Skip shell extension 'dsv' for command environment
[2.283s] DEBUG:colcon.colcon_core.event_handler.log_command:Invoking command in '/home/kiran_gunathilaka/development/mlcv/cone_detection_navigation/fs_ws/src/fs_bringup': CONDA_PROMPT_MODIFIER=(/home/kiran_gunathilaka/conda-envs/mlcv) DEBUGINFOD_URLS=https://debuginfod.ubuntu.com PYTHONPATH=/home/kiran_gunathilaka/development/mlcv/cone_detection_navigation/fs_ws/build/fs_bringup/prefix_override:/usr/lib/python3/dist-packages/colcon_core/task/python/colcon_distutils_commands:/home/kiran_gunathilaka/development/mlcv/cone_detection_navigation/fs_ws/install/fs_bringup/lib/python3.12/site-packages:${PYTHONPATH} /usr/bin/python3 -W ignore:setup.py install is deprecated -W ignore:easy_install command is deprecated setup.py egg_info --egg-base ../../build/fs_bringup build --build-base /home/kiran_gunathilaka/development/mlcv/cone_detection_navigation/fs_ws/build/fs_bringup/build install --record /home/kiran_gunathilaka/development/mlcv/cone_detection_navigation/fs_ws/build/fs_bringup/install.log --single-version-externally-managed install_data
[2.307s] DEBUG:colcon.colcon_core.event_handler.log_command:Invoking command in '/home/kiran_gunathilaka/development/mlcv/cone_detection_navigation/fs_ws/src/fs_control': CONDA_PROMPT_MODIFIER=(/home/kiran_gunathilaka/conda-envs/mlcv) DEBUGINFOD_URLS=https://debuginfod.ubuntu.com PYTHONPATH=/home/kiran_gunathilaka/development/mlcv/cone_detection_navigation/fs_ws/build/fs_control/prefix_override:/usr/lib/python3/dist-packages/colcon_core/task/python/colcon_distutils_commands:/home/kiran_gunathilaka/development/mlcv/cone_detection_navigation/fs_ws/install/fs_control/lib/python3.12/site-packages:${PYTHONPATH} /usr/bin/python3 -W ignore:setup.py install is deprecated -W ignore:easy_install command is deprecated setup.py egg_info --egg-base ../../build/fs_control build --build-base /home/kiran_gunathilaka/development/mlcv/cone_detection_navigation/fs_ws/build/fs_control/build install --record /home/kiran_gunathilaka/development/mlcv/cone_detection_navigation/fs_ws/build/fs_control/install.log --single-version-externally-managed install_data
[2.309s] DEBUG:colcon.colcon_core.event_handler.log_command:Invoking command in '/home/kiran_gunathilaka/development/mlcv/cone_detection_navigation/fs_ws/src/fs_geometry': CONDA_PROMPT_MODIFIER=(/home/kiran_gunathilaka/conda-envs/mlcv) DEBUGINFOD_URLS=https://debuginfod.ubuntu.com PYTHONPATH=/home/kiran_gunathilaka/development/mlcv/cone_detection_navigation/fs_ws/build/fs_geometry/prefix_override:/usr/lib/python3/dist-packages/colcon_core/task/python/colcon_distutils_commands:/home/kiran_gunathilaka/development/mlcv/cone_detection_navigation/fs_ws/install/fs_geometry/lib/python3.12/site-packages:${PYTHONPATH} /usr/bin/python3 -W ignore:setup.py install is deprecated -W ignore:easy_install command is deprecated setup.py egg_info --egg-base ../../build/fs_geometry build --build-base /home/kiran_gunathilaka/development/mlcv/cone_detection_navigation/fs_ws/build/fs_geometry/build install --record /home/kiran_gunathilaka/development/mlcv/cone_detection_navigation/fs_ws/build/fs_geometry/install.log --single-version-externally-managed install_data
[2.312s] DEBUG:colcon.colcon_core.event_handler.log_command:Invoking command in '/home/kiran_gunathilaka/development/mlcv/cone_detection_navigation/fs_ws/src/fs_world': CONDA_PROMPT_MODIFIER=(/home/kiran_gunathilaka/conda-envs/mlcv) DEBUGINFOD_URLS=https://debuginfod.ubuntu.com PYTHONPATH=/home/kiran_gunathilaka/development/mlcv/cone_detection_navigation/fs_ws/build/fs_world/prefix_override:/usr/lib/python3/dist-packages/colcon_core/task/python/colcon_distutils_commands:/home/kiran_gunathilaka/development/mlcv/cone_detection_navigation/fs_ws/install/fs_world/lib/python3.12/site-packages:${PYTHONPATH} /usr/bin/python3 -W ignore:setup.py install is deprecated -W ignore:easy_install command is deprecated setup.py egg_info --egg-base ../../build/fs_world build --build-base /home/kiran_gunathilaka/development/mlcv/cone_detection_navigation/fs_ws/build/fs_world/build install --record /home/kiran_gunathilaka/development/mlcv/cone_detection_navigation/fs_ws/build/fs_world/install.log --single-version-externally-managed install_data
[2.313s] DEBUG:colcon.colcon_core.event_handler.log_command:Invoking command in '/home/kiran_gunathilaka/development/mlcv/cone_detection_navigation/fs_ws/src/fs_vehicle': CONDA_PROMPT_MODIFIER=(/home/kiran_gunathilaka/conda-envs/mlcv) DEBUGINFOD_URLS=https://debuginfod.ubuntu.com PYTHONPATH=/home/kiran_gunathilaka/development/mlcv/cone_detection_navigation/fs_ws/build/fs_vehicle/prefix_override:/usr/lib/python3/dist-packages/colcon_core/task/python/colcon_distutils_commands:/home/kiran_gunathilaka/development/mlcv/cone_detection_navigation/fs_ws/install/fs_vehicle/lib/python3.12/site-packages:${PYTHONPATH} /usr/bin/python3 -W ignore:setup.py install is deprecated -W ignore:easy_install command is deprecated setup.py egg_info --egg-base ../../build/fs_vehicle build --build-base /home/kiran_gunathilaka/development/mlcv/cone_detection_navigation/fs_ws/build/fs_vehicle/build install --record /home/kiran_gunathilaka/development/mlcv/cone_detection_navigation/fs_ws/build/fs_vehicle/install.log --single-version-externally-managed install_data
[2.558s] DEBUG:colcon.colcon_core.event_handler.log_command:Invoking command in '/home/kiran_gunathilaka/development/mlcv/cone_detection_navigation/fs_ws/src/fs_perception': CONDA_PROMPT_MODIFIER=(/home/kiran_gunathilaka/conda-envs/mlcv) DEBUGINFOD_URLS=https://debuginfod.ubuntu.com PYTHONPATH=/home/kiran_gunathilaka/development/mlcv/cone_detection_navigation/fs_ws/build/fs_perception/prefix_override:/usr/lib/python3/dist-packages/colcon_core/task/python/colcon_distutils_commands:/home/kiran_gunathilaka/development/mlcv/cone_detection_navigation/fs_ws/install/fs_perception/lib/python3.12/site-packages:${PYTHONPATH} /usr/bin/python3 -W ignore:setup.py install is deprecated -W ignore:easy_install command is deprecated setup.py egg_info --egg-base ../../build/fs_perception build --build-base /home/kiran_gunathilaka/development/mlcv/cone_detection_navigation/fs_ws/build/fs_perception/build install --record /home/kiran_gunathilaka/development/mlcv/cone_detection_navigation/fs_ws/build/fs_perception/install.log --single-version-externally-managed install_data
[2.974s] DEBUG:colcon.colcon_core.event_handler.log_command:Invoked command in '/home/kiran_gunathilaka/development/mlcv/cone_detection_navigation/fs_ws/src/fs_bringup' returned '0': CONDA_PROMPT_MODIFIER=(/home/kiran_gunathilaka/conda-envs/mlcv) DEBUGINFOD_URLS=https://debuginfod.ubuntu.com PYTHONPATH=/home/kiran_gunathilaka/development/mlcv/cone_detection_navigation/fs_ws/build/fs_bringup/prefix_override:/usr/lib/python3/dist-packages/colcon_core/task/python/colcon_distutils_commands:/home/kiran_gunathilaka/development/mlcv/cone_detection_navigation/fs_ws/install/fs_bringup/lib/python3.12/site-packages:${PYTHONPATH} /usr/bin/python3 -W ignore:setup.py install is deprecated -W ignore:easy_install command is deprecated setup.py egg_info --egg-base ../../build/fs_bringup build --build-base /home/kiran_gunathilaka/development/mlcv/cone_detection_navigation/fs_ws/build/fs_bringup/build install --record /home/kiran_gunathilaka/development/mlcv/cone_detection_navigation/fs_ws/build/fs_bringup/install.log --single-version-externally-managed install_data
[2.977s] Level 1:colcon.colcon_core.environment:checking '/home/kiran_gunathilaka/development/mlcv/cone_detection_navigation/fs_ws/install/fs_bringup' for CMake module files
[2.978s] Level 1:colcon.colcon_core.environment:checking '/home/kiran_gunathilaka/development/mlcv/cone_detection_navigation/fs_ws/install/fs_bringup' for CMake config files
[2.979s] Level 1:colcon.colcon_core.environment:checking '/home/kiran_gunathilaka/development/mlcv/cone_detection_navigation/fs_ws/install/fs_bringup/lib'
[2.979s] Level 1:colcon.colcon_core.environment:checking '/home/kiran_gunathilaka/development/mlcv/cone_detection_navigation/fs_ws/install/fs_bringup/bin'
[2.979s] Level 1:colcon.colcon_core.environment:checking '/home/kiran_gunathilaka/development/mlcv/cone_detection_navigation/fs_ws/install/fs_bringup/lib/pkgconfig/fs_bringup.pc'
[2.980s] Level 1:colcon.colcon_core.environment:checking '/home/kiran_gunathilaka/development/mlcv/cone_detection_navigation/fs_ws/install/fs_bringup/lib/python3.12/site-packages'
[2.980s] Level 1:colcon.colcon_core.shell:create_environment_hook('fs_bringup', 'pythonpath')
[2.981s] INFO:colcon.colcon_core.shell:Creating environment hook '/home/kiran_gunathilaka/development/mlcv/cone_detection_navigation/fs_ws/install/fs_bringup/share/fs_bringup/hook/pythonpath.ps1'
[2.983s] INFO:colcon.colcon_core.shell:Creating environment descriptor '/home/kiran_gunathilaka/development/mlcv/cone_detection_navigation/fs_ws/install/fs_bringup/share/fs_bringup/hook/pythonpath.dsv'
[2.984s] INFO:colcon.colcon_core.shell:Creating environment hook '/home/kiran_gunathilaka/development/mlcv/cone_detection_navigation/fs_ws/install/fs_bringup/share/fs_bringup/hook/pythonpath.sh'
[2.985s] Level 1:colcon.colcon_core.environment:checking '/home/kiran_gunathilaka/development/mlcv/cone_detection_navigation/fs_ws/install/fs_bringup/bin'
[2.985s] Level 1:colcon.colcon_core.environment:create_environment_scripts_only(fs_bringup)
[2.985s] INFO:colcon.colcon_core.shell:Creating package script '/home/kiran_gunathilaka/development/mlcv/cone_detection_navigation/fs_ws/install/fs_bringup/share/fs_bringup/package.ps1'
[2.986s] INFO:colcon.colcon_core.shell:Creating package descriptor '/home/kiran_gunathilaka/development/mlcv/cone_detection_navigation/fs_ws/install/fs_bringup/share/fs_bringup/package.dsv'
[2.987s] INFO:colcon.colcon_core.shell:Creating package script '/home/kiran_gunathilaka/development/mlcv/cone_detection_navigation/fs_ws/install/fs_bringup/share/fs_bringup/package.sh'
[2.988s] INFO:colcon.colcon_core.shell:Creating package script '/home/kiran_gunathilaka/development/mlcv/cone_detection_navigation/fs_ws/install/fs_bringup/share/fs_bringup/package.bash'
[2.989s] INFO:colcon.colcon_core.shell:Creating package script '/home/kiran_gunathilaka/development/mlcv/cone_detection_navigation/fs_ws/install/fs_bringup/share/fs_bringup/package.zsh'
[2.990s] Level 1:colcon.colcon_core.environment:create_file_with_runtime_dependencies(/home/kiran_gunathilaka/development/mlcv/cone_detection_navigation/fs_ws/install/fs_bringup/share/colcon-core/packages/fs_bringup)
[3.035s] Level 1:colcon.colcon_core.environment:checking '/home/kiran_gunathilaka/development/mlcv/cone_detection_navigation/fs_ws/install/fs_geometry' for CMake module files
[3.035s] DEBUG:colcon.colcon_core.event_handler.log_command:Invoked command in '/home/kiran_gunathilaka/development/mlcv/cone_detection_navigation/fs_ws/src/fs_geometry' returned '0': CONDA_PROMPT_MODIFIER=(/home/kiran_gunathilaka/conda-envs/mlcv) DEBUGINFOD_URLS=https://debuginfod.ubuntu.com PYTHONPATH=/home/kiran_gunathilaka/development/mlcv/cone_detection_navigation/fs_ws/build/fs_geometry/prefix_override:/usr/lib/python3/dist-packages/colcon_core/task/python/colcon_distutils_commands:/home/kiran_gunathilaka/development/mlcv/cone_detection_navigation/fs_ws/install/fs_geometry/lib/python3.12/site-packages:${PYTHONPATH} /usr/bin/python3 -W ignore:setup.py install is deprecated -W ignore:easy_install command is deprecated setup.py egg_info --egg-base ../../build/fs_geometry build --build-base /home/kiran_gunathilaka/development/mlcv/cone_detection_navigation/fs_ws/build/fs_geometry/build install --record /home/kiran_gunathilaka/development/mlcv/cone_detection_navigation/fs_ws/build/fs_geometry/install.log --single-version-externally-managed install_data
[3.036s] Level 1:colcon.colcon_core.environment:checking '/home/kiran_gunathilaka/development/mlcv/cone_detection_navigation/fs_ws/install/fs_geometry' for CMake config files
[3.037s] Level 1:colcon.colcon_core.environment:checking '/home/kiran_gunathilaka/development/mlcv/cone_detection_navigation/fs_ws/install/fs_geometry/lib'
[3.037s] Level 1:colcon.colcon_core.environment:checking '/home/kiran_gunathilaka/development/mlcv/cone_detection_navigation/fs_ws/install/fs_geometry/bin'
[3.037s] Level 1:colcon.colcon_core.environment:checking '/home/kiran_gunathilaka/development/mlcv/cone_detection_navigation/fs_ws/install/fs_geometry/lib/pkgconfig/fs_geometry.pc'
[3.037s] Level 1:colcon.colcon_core.environment:checking '/home/kiran_gunathilaka/development/mlcv/cone_detection_navigation/fs_ws/install/fs_geometry/lib/python3.12/site-packages'
[3.037s] Level 1:colcon.colcon_core.shell:create_environment_hook('fs_geometry', 'pythonpath')
[3.038s] INFO:colcon.colcon_core.shell:Creating environment hook '/home/kiran_gunathilaka/development/mlcv/cone_detection_navigation/fs_ws/install/fs_geometry/share/fs_geometry/hook/pythonpath.ps1'
[3.038s] INFO:colcon.colcon_core.shell:Creating environment descriptor '/home/kiran_gunathilaka/development/mlcv/cone_detection_navigation/fs_ws/install/fs_geometry/share/fs_geometry/hook/pythonpath.dsv'
[3.039s] INFO:colcon.colcon_core.shell:Creating environment hook '/home/kiran_gunathilaka/development/mlcv/cone_detection_navigation/fs_ws/install/fs_geometry/share/fs_geometry/hook/pythonpath.sh'
[3.039s] Level 1:colcon.colcon_core.environment:checking '/home/kiran_gunathilaka/development/mlcv/cone_detection_navigation/fs_ws/install/fs_geometry/bin'
[3.039s] Level 1:colcon.colcon_core.environment:create_environment_scripts_only(fs_geometry)
[3.040s] INFO:colcon.colcon_core.shell:Creating package script '/home/kiran_gunathilaka/development/mlcv/cone_detection_navigation/fs_ws/install/fs_geometry/share/fs_geometry/package.ps1'
[3.040s] INFO:colcon.colcon_core.shell:Creating package descriptor '/home/kiran_gunathilaka/development/mlcv/cone_detection_navigation/fs_ws/install/fs_geometry/share/fs_geometry/package.dsv'
[3.041s] INFO:colcon.colcon_core.shell:Creating package script '/home/kiran_gunathilaka/development/mlcv/cone_detection_navigation/fs_ws/install/fs_geometry/share/fs_geometry/package.sh'
[3.041s] INFO:colcon.colcon_core.shell:Creating package script '/home/kiran_gunathilaka/development/mlcv/cone_detection_navigation/fs_ws/install/fs_geometry/share/fs_geometry/package.bash'
[3.042s] INFO:colcon.colcon_core.shell:Creating package script '/home/kiran_gunathilaka/development/mlcv/cone_detection_navigation/fs_ws/install/fs_geometry/share/fs_geometry/package.zsh'
[3.042s] Level 1:colcon.colcon_core.environment:create_file_with_runtime_dependencies(/home/kiran_gunathilaka/development/mlcv/cone_detection_navigation/fs_ws/install/fs_geometry/share/colcon-core/packages/fs_geometry)
[3.043s] Level 1:colcon.colcon_core.environment:checking '/home/kiran_gunathilaka/development/mlcv/cone_detection_navigation/fs_ws/install/fs_control' for CMake module files
[3.044s] DEBUG:colcon.colcon_core.event_handler.log_command:Invoked command in '/home/kiran_gunathilaka/development/mlcv/cone_detection_navigation/fs_ws/src/fs_control' returned '0': CONDA_PROMPT_MODIFIER=(/home/kiran_gunathilaka/conda-envs/mlcv) DEBUGINFOD_URLS=https://debuginfod.ubuntu.com PYTHONPATH=/home/kiran_gunathilaka/development/mlcv/cone_detection_navigation/fs_ws/build/fs_control/prefix_override:/usr/lib/python3/dist-packages/colcon_core/task/python/colcon_distutils_commands:/home/kiran_gunathilaka/development/mlcv/cone_detection_navigation/fs_ws/install/fs_control/lib/python3.12/site-packages:${PYTHONPATH} /usr/bin/python3 -W ignore:setup.py install is deprecated -W ignore:easy_install command is deprecated setup.py egg_info --egg-base ../../build/fs_control build --build-base /home/kiran_gunathilaka/development/mlcv/cone_detection_navigation/fs_ws/build/fs_control/build install --record /home/kiran_gunathilaka/development/mlcv/cone_detection_navigation/fs_ws/build/fs_control/install.log --single-version-externally-managed install_data
[3.044s] Level 1:colcon.colcon_core.environment:checking '/home/kiran_gunathilaka/development/mlcv/cone_detection_navigation/fs_ws/install/fs_control' for CMake config files
[3.045s] Level 1:colcon.colcon_core.environment:checking '/home/kiran_gunathilaka/development/mlcv/cone_detection_navigation/fs_ws/install/fs_control/lib'
[3.045s] Level 1:colcon.colcon_core.environment:checking '/home/kiran_gunathilaka/development/mlcv/cone_detection_navigation/fs_ws/install/fs_control/bin'
[3.045s] Level 1:colcon.colcon_core.environment:checking '/home/kiran_gunathilaka/development/mlcv/cone_detection_navigation/fs_ws/install/fs_control/lib/pkgconfig/fs_control.pc'
[3.045s] Level 1:colcon.colcon_core.environment:checking '/home/kiran_gunathilaka/development/mlcv/cone_detection_navigation/fs_ws/install/fs_control/lib/python3.12/site-packages'
[3.045s] Level 1:colcon.colcon_core.shell:create_environment_hook('fs_control', 'pythonpath')
[3.045s] INFO:colcon.colcon_core.shell:Creating environment hook '/home/kiran_gunathilaka/development/mlcv/cone_detection_navigation/fs_ws/install/fs_control/share/fs_control/hook/pythonpath.ps1'
[3.046s] INFO:colcon.colcon_core.shell:Creating environment descriptor '/home/kiran_gunathilaka/development/mlcv/cone_detection_navigation/fs_ws/install/fs_control/share/fs_control/hook/pythonpath.dsv'
[3.046s] INFO:colcon.colcon_core.shell:Creating environment hook '/home/kiran_gunathilaka/development/mlcv/cone_detection_navigation/fs_ws/install/fs_control/share/fs_control/hook/pythonpath.sh'
[3.047s] Level 1:colcon.colcon_core.environment:checking '/home/kiran_gunathilaka/development/mlcv/cone_detection_navigation/fs_ws/install/fs_control/bin'
[3.047s] Level 1:colcon.colcon_core.environment:create_environment_scripts_only(fs_control)
[3.047s] INFO:colcon.colcon_core.shell:Creating package script '/home/kiran_gunathilaka/development/mlcv/cone_detection_navigation/fs_ws/install/fs_control/share/fs_control/package.ps1'
[3.048s] INFO:colcon.colcon_core.shell:Creating package descriptor '/home/kiran_gunathilaka/development/mlcv/cone_detection_navigation/fs_ws/install/fs_control/share/fs_control/package.dsv'
[3.048s] INFO:colcon.colcon_core.shell:Creating package script '/home/kiran_gunathilaka/development/mlcv/cone_detection_navigation/fs_ws/install/fs_control/share/fs_control/package.sh'
[3.049s] INFO:colcon.colcon_core.shell:Creating package script '/home/kiran_gunathilaka/development/mlcv/cone_detection_navigation/fs_ws/install/fs_control/share/fs_control/package.bash'
[3.049s] INFO:colcon.colcon_core.shell:Creating package script '/home/kiran_gunathilaka/development/mlcv/cone_detection_navigation/fs_ws/install/fs_control/share/fs_control/package.zsh'
[3.049s] Level 1:colcon.colcon_core.environment:create_file_with_runtime_dependencies(/home/kiran_gunathilaka/development/mlcv/cone_detection_navigation/fs_ws/install/fs_control/share/colcon-core/packages/fs_control)
[3.050s] Level 1:colcon.colcon_core.environment:checking '/home/kiran_gunathilaka/development/mlcv/cone_detection_navigation/fs_ws/install/fs_world' for CMake module files
[3.051s] DEBUG:colcon.colcon_core.event_handler.log_command:Invoked command in '/home/kiran_gunathilaka/development/mlcv/cone_detection_navigation/fs_ws/src/fs_world' returned '0': CONDA_PROMPT_MODIFIER=(/home/kiran_gunathilaka/conda-envs/mlcv) DEBUGINFOD_URLS=https://debuginfod.ubuntu.com PYTHONPATH=/home/kiran_gunathilaka/development/mlcv/cone_detection_navigation/fs_ws/build/fs_world/prefix_override:/usr/lib/python3/dist-packages/colcon_core/task/python/colcon_distutils_commands:/home/kiran_gunathilaka/development/mlcv/cone_detection_navigation/fs_ws/install/fs_world/lib/python3.12/site-packages:${PYTHONPATH} /usr/bin/python3 -W ignore:setup.py install is deprecated -W ignore:easy_install command is deprecated setup.py egg_info --egg-base ../../build/fs_world build --build-base /home/kiran_gunathilaka/development/mlcv/cone_detection_navigation/fs_ws/build/fs_world/build install --record /home/kiran_gunathilaka/development/mlcv/cone_detection_navigation/fs_ws/build/fs_world/install.log --single-version-externally-managed install_data
[3.051s] Level 1:colcon.colcon_core.environment:checking '/home/kiran_gunathilaka/development/mlcv/cone_detection_navigation/fs_ws/install/fs_world' for CMake config files
[3.052s] Level 1:colcon.colcon_core.environment:checking '/home/kiran_gunathilaka/development/mlcv/cone_detection_navigation/fs_ws/install/fs_world/lib'
[3.052s] Level 1:colcon.colcon_core.environment:checking '/home/kiran_gunathilaka/development/mlcv/cone_detection_navigation/fs_ws/install/fs_world/bin'
[3.052s] Level 1:colcon.colcon_core.environment:checking '/home/kiran_gunathilaka/development/mlcv/cone_detection_navigation/fs_ws/install/fs_world/lib/pkgconfig/fs_world.pc'
[3.052s] Level 1:colcon.colcon_core.environment:checking '/home/kiran_gunathilaka/development/mlcv/cone_detection_navigation/fs_ws/install/fs_world/lib/python3.12/site-packages'
[3.052s] Level 1:colcon.colcon_core.shell:create_environment_hook('fs_world', 'pythonpath')
[3.052s] INFO:colcon.colcon_core.shell:Creating environment hook '/home/kiran_gunathilaka/development/mlcv/cone_detection_navigation/fs_ws/install/fs_world/share/fs_world/hook/pythonpath.ps1'
[3.053s] INFO:colcon.colcon_core.shell:Creating environment descriptor '/home/kiran_gunathilaka/development/mlcv/cone_detection_navigation/fs_ws/install/fs_world/share/fs_world/hook/pythonpath.dsv'
[3.053s] INFO:colcon.colcon_core.shell:Creating environment hook '/home/kiran_gunathilaka/development/mlcv/cone_detection_navigation/fs_ws/install/fs_world/share/fs_world/hook/pythonpath.sh'
[3.054s] Level 1:colcon.colcon_core.environment:checking '/home/kiran_gunathilaka/development/mlcv/cone_detection_navigation/fs_ws/install/fs_world/bin'
[3.054s] Level 1:colcon.colcon_core.environment:create_environment_scripts_only(fs_world)
[3.054s] INFO:colcon.colcon_core.shell:Creating package script '/home/kiran_gunathilaka/development/mlcv/cone_detection_navigation/fs_ws/install/fs_world/share/fs_world/package.ps1'
[3.054s] INFO:colcon.colcon_core.shell:Creating package descriptor '/home/kiran_gunathilaka/development/mlcv/cone_detection_navigation/fs_ws/install/fs_world/share/fs_world/package.dsv'
[3.055s] INFO:colcon.colcon_core.shell:Creating package script '/home/kiran_gunathilaka/development/mlcv/cone_detection_navigation/fs_ws/install/fs_world/share/fs_world/package.sh'
[3.055s] INFO:colcon.colcon_core.shell:Creating package script '/home/kiran_gunathilaka/development/mlcv/cone_detection_navigation/fs_ws/install/fs_world/share/fs_world/package.bash'
[3.055s] INFO:colcon.colcon_core.shell:Creating package script '/home/kiran_gunathilaka/development/mlcv/cone_detection_navigation/fs_ws/install/fs_world/share/fs_world/package.zsh'
[3.055s] Level 1:colcon.colcon_core.environment:create_file_with_runtime_dependencies(/home/kiran_gunathilaka/development/mlcv/cone_detection_navigation/fs_ws/install/fs_world/share/colcon-core/packages/fs_world)
[3.056s] Level 1:colcon.colcon_core.environment:checking '/home/kiran_gunathilaka/development/mlcv/cone_detection_navigation/fs_ws/install/fs_vehicle' for CMake module files
[3.057s] DEBUG:colcon.colcon_core.event_handler.log_command:Invoked command in '/home/kiran_gunathilaka/development/mlcv/cone_detection_navigation/fs_ws/src/fs_vehicle' returned '0': CONDA_PROMPT_MODIFIER=(/home/kiran_gunathilaka/conda-envs/mlcv) DEBUGINFOD_URLS=https://debuginfod.ubuntu.com PYTHONPATH=/home/kiran_gunathilaka/development/mlcv/cone_detection_navigation/fs_ws/build/fs_vehicle/prefix_override:/usr/lib/python3/dist-packages/colcon_core/task/python/colcon_distutils_commands:/home/kiran_gunathilaka/development/mlcv/cone_detection_navigation/fs_ws/install/fs_vehicle/lib/python3.12/site-packages:${PYTHONPATH} /usr/bin/python3 -W ignore:setup.py install is deprecated -W ignore:easy_install command is deprecated setup.py egg_info --egg-base ../../build/fs_vehicle build --build-base /home/kiran_gunathilaka/development/mlcv/cone_detection_navigation/fs_ws/build/fs_vehicle/build install --record /home/kiran_gunathilaka/development/mlcv/cone_detection_navigation/fs_ws/build/fs_vehicle/install.log --single-version-externally-managed install_data
[3.057s] Level 1:colcon.colcon_core.environment:checking '/home/kiran_gunathilaka/development/mlcv/cone_detection_navigation/fs_ws/install/fs_vehicle' for CMake config files
[3.057s] Level 1:colcon.colcon_core.environment:checking '/home/kiran_gunathilaka/development/mlcv/cone_detection_navigation/fs_ws/install/fs_vehicle/lib'
[3.057s] Level 1:colcon.colcon_core.environment:checking '/home/kiran_gunathilaka/development/mlcv/cone_detection_navigation/fs_ws/install/fs_vehicle/bin'
[3.057s] Level 1:colcon.colcon_core.environment:checking '/home/kiran_gunathilaka/development/mlcv/cone_detection_navigation/fs_ws/install/fs_vehicle/lib/pkgconfig/fs_vehicle.pc'
[3.058s] Level 1:colcon.colcon_core.environment:checking '/home/kiran_gunathilaka/development/mlcv/cone_detection_navigation/fs_ws/install/fs_vehicle/lib/python3.12/site-packages'
[3.058s] Level 1:colcon.colcon_core.shell:create_environment_hook('fs_vehicle', 'pythonpath')
[3.058s] INFO:colcon.colcon_core.shell:Creating environment hook '/home/kiran_gunathilaka/development/mlcv/cone_detection_navigation/fs_ws/install/fs_vehicle/share/fs_vehicle/hook/pythonpath.ps1'
[3.058s] INFO:colcon.colcon_core.shell:Creating environment descriptor '/home/kiran_gunathilaka/development/mlcv/cone_detection_navigation/fs_ws/install/fs_vehicle/share/fs_vehicle/hook/pythonpath.dsv'
[3.058s] INFO:colcon.colcon_core.shell:Creating environment hook '/home/kiran_gunathilaka/development/mlcv/cone_detection_navigation/fs_ws/install/fs_vehicle/share/fs_vehicle/hook/pythonpath.sh'
[3.059s] Level 1:colcon.colcon_core.environment:checking '/home/kiran_gunathilaka/development/mlcv/cone_detection_navigation/fs_ws/install/fs_vehicle/bin'
[3.059s] Level 1:colcon.colcon_core.environment:create_environment_scripts_only(fs_vehicle)
[3.059s] INFO:colcon.colcon_core.shell:Creating package script '/home/kiran_gunathilaka/development/mlcv/cone_detection_navigation/fs_ws/install/fs_vehicle/share/fs_vehicle/package.ps1'
[3.060s] INFO:colcon.colcon_core.shell:Creating package descriptor '/home/kiran_gunathilaka/development/mlcv/cone_detection_navigation/fs_ws/install/fs_vehicle/share/fs_vehicle/package.dsv'
[3.060s] INFO:colcon.colcon_core.shell:Creating package script '/home/kiran_gunathilaka/development/mlcv/cone_detection_navigation/fs_ws/install/fs_vehicle/share/fs_vehicle/package.sh'
[3.060s] INFO:colcon.colcon_core.shell:Creating package script '/home/kiran_gunathilaka/development/mlcv/cone_detection_navigation/fs_ws/install/fs_vehicle/share/fs_vehicle/package.bash'
[3.061s] INFO:colcon.colcon_core.shell:Creating package script '/home/kiran_gunathilaka/development/mlcv/cone_detection_navigation/fs_ws/install/fs_vehicle/share/fs_vehicle/package.zsh'
[3.061s] Level 1:colcon.colcon_core.environment:create_file_with_runtime_dependencies(/home/kiran_gunathilaka/development/mlcv/cone_detection_navigation/fs_ws/install/fs_vehicle/share/colcon-core/packages/fs_vehicle)
[3.349s] Level 1:colcon.colcon_core.environment:checking '/home/kiran_gunathilaka/development/mlcv/cone_detection_navigation/fs_ws/install/fs_perception' for CMake module files
[3.349s] DEBUG:colcon.colcon_core.event_handler.log_command:Invoked command in '/home/kiran_gunathilaka/development/mlcv/cone_detection_navigation/fs_ws/src/fs_perception' returned '0': CONDA_PROMPT_MODIFIER=(/home/kiran_gunathilaka/conda-envs/mlcv) DEBUGINFOD_URLS=https://debuginfod.ubuntu.com PYTHONPATH=/home/kiran_gunathilaka/development/mlcv/cone_detection_navigation/fs_ws/build/fs_perception/prefix_override:/usr/lib/python3/dist-packages/colcon_core/task/python/colcon_distutils_commands:/home/kiran_gunathilaka/development/mlcv/cone_detection_navigation/fs_ws/install/fs_perception/lib/python3.12/site-packages:${PYTHONPATH} /usr/bin/python3 -W ignore:setup.py install is deprecated -W ignore:easy_install command is deprecated setup.py egg_info --egg-base ../../build/fs_perception build --build-base /home/kiran_gunathilaka/development/mlcv/cone_detection_navigation/fs_ws/build/fs_perception/build install --record /home/kiran_gunathilaka/development/mlcv/cone_detection_navigation/fs_ws/build/fs_perception/install.log --single-version-externally-managed install_data
[3.349s] Level 1:colcon.colcon_core.environment:checking '/home/kiran_gunathilaka/development/mlcv/cone_detection_navigation/fs_ws/install/fs_perception' for CMake config files
[3.350s] Level 1:colcon.colcon_core.environment:checking '/home/kiran_gunathilaka/development/mlcv/cone_detection_navigation/fs_ws/install/fs_perception/lib'
[3.350s] Level 1:colcon.colcon_core.environment:checking '/home/kiran_gunathilaka/development/mlcv/cone_detection_navigation/fs_ws/install/fs_perception/bin'
[3.350s] Level 1:colcon.colcon_core.environment:checking '/home/kiran_gunathilaka/development/mlcv/cone_detection_navigation/fs_ws/install/fs_perception/lib/pkgconfig/fs_perception.pc'
[3.350s] Level 1:colcon.colcon_core.environment:checking '/home/kiran_gunathilaka/development/mlcv/cone_detection_navigation/fs_ws/install/fs_perception/lib/python3.12/site-packages'
[3.350s] Level 1:colcon.colcon_core.shell:create_environment_hook('fs_perception', 'pythonpath')
[3.350s] INFO:colcon.colcon_core.shell:Creating environment hook '/home/kiran_gunathilaka/development/mlcv/cone_detection_navigation/fs_ws/install/fs_perception/share/fs_perception/hook/pythonpath.ps1'
[3.351s] INFO:colcon.colcon_core.shell:Creating environment descriptor '/home/kiran_gunathilaka/development/mlcv/cone_detection_navigation/fs_ws/install/fs_perception/share/fs_perception/hook/pythonpath.dsv'
[3.351s] INFO:colcon.colcon_core.shell:Creating environment hook '/home/kiran_gunathilaka/development/mlcv/cone_detection_navigation/fs_ws/install/fs_perception/share/fs_perception/hook/pythonpath.sh'
[3.351s] Level 1:colcon.colcon_core.environment:checking '/home/kiran_gunathilaka/development/mlcv/cone_detection_navigation/fs_ws/install/fs_perception/bin'
[3.351s] Level 1:colcon.colcon_core.environment:create_environment_scripts_only(fs_perception)
[3.352s] INFO:colcon.colcon_core.shell:Creating package script '/home/kiran_gunathilaka/development/mlcv/cone_detection_navigation/fs_ws/install/fs_perception/share/fs_perception/package.ps1'
[3.352s] INFO:colcon.colcon_core.shell:Creating package descriptor '/home/kiran_gunathilaka/development/mlcv/cone_detection_navigation/fs_ws/install/fs_perception/share/fs_perception/package.dsv'
[3.352s] INFO:colcon.colcon_core.shell:Creating package script '/home/kiran_gunathilaka/development/mlcv/cone_detection_navigation/fs_ws/install/fs_perception/share/fs_perception/package.sh'
[3.353s] INFO:colcon.colcon_core.shell:Creating package script '/home/kiran_gunathilaka/development/mlcv/cone_detection_navigation/fs_ws/install/fs_perception/share/fs_perception/package.bash'
[3.353s] INFO:colcon.colcon_core.shell:Creating package script '/home/kiran_gunathilaka/development/mlcv/cone_detection_navigation/fs_ws/install/fs_perception/share/fs_perception/package.zsh'
[3.353s] Level 1:colcon.colcon_core.environment:create_file_with_runtime_dependencies(/home/kiran_gunathilaka/development/mlcv/cone_detection_navigation/fs_ws/install/fs_perception/share/colcon-core/packages/fs_perception)
[3.353s] DEBUG:colcon.colcon_parallel_executor.executor.parallel:closing loop
[3.354s] DEBUG:colcon.colcon_parallel_executor.executor.parallel:loop closed
[3.354s] DEBUG:colcon.colcon_parallel_executor.executor.parallel:run_until_complete finished with '0'
[3.354s] DEBUG:colcon.colcon_core.event_reactor:joining thread
[3.360s] INFO:colcon.colcon_core.plugin_system:Skipping extension 'colcon_notification.desktop_notification.terminal_notifier': Not used on non-Darwin systems
[3.361s] INFO:colcon.colcon_core.plugin_system:Skipping extension 'colcon_notification.desktop_notification.win32': Not used on non-Windows systems
[3.361s] INFO:colcon.colcon_notification.desktop_notification:Sending desktop notification using 'notify2'
[3.379s] DEBUG:colcon.colcon_core.event_reactor:joined thread
[3.379s] INFO:colcon.colcon_core.shell:Creating prefix script '/home/kiran_gunathilaka/development/mlcv/cone_detection_navigation/fs_ws/install/local_setup.ps1'
[3.380s] INFO:colcon.colcon_core.shell:Creating prefix util module '/home/kiran_gunathilaka/development/mlcv/cone_detection_navigation/fs_ws/install/_local_setup_util_ps1.py'
[3.381s] INFO:colcon.colcon_core.shell:Creating prefix chain script '/home/kiran_gunathilaka/development/mlcv/cone_detection_navigation/fs_ws/install/setup.ps1'
[3.382s] INFO:colcon.colcon_core.shell:Creating prefix script '/home/kiran_gunathilaka/development/mlcv/cone_detection_navigation/fs_ws/install/local_setup.sh'
[3.383s] INFO:colcon.colcon_core.shell:Creating prefix util module '/home/kiran_gunathilaka/development/mlcv/cone_detection_navigation/fs_ws/install/_local_setup_util_sh.py'
[3.383s] INFO:colcon.colcon_core.shell:Creating prefix chain script '/home/kiran_gunathilaka/development/mlcv/cone_detection_navigation/fs_ws/install/setup.sh'
[3.384s] INFO:colcon.colcon_core.shell:Creating prefix script '/home/kiran_gunathilaka/development/mlcv/cone_detection_navigation/fs_ws/install/local_setup.bash'
[3.385s] INFO:colcon.colcon_core.shell:Creating prefix chain script '/home/kiran_gunathilaka/development/mlcv/cone_detection_navigation/fs_ws/install/setup.bash'
[3.387s] INFO:colcon.colcon_core.shell:Creating prefix script '/home/kiran_gunathilaka/development/mlcv/cone_detection_navigation/fs_ws/install/local_setup.zsh'
[3.387s] INFO:colcon.colcon_core.shell:Creating prefix chain script '/home/kiran_gunathilaka/development/mlcv/cone_detection_navigation/fs_ws/install/setup.zsh'
