[2.050s] Invoking command in '/home/kiran_gunathilaka/development/mlcv/cone_detection_navigation/fs_ws/src/fs_control': CONDA_PROMPT_MODIFIER=(/home/kiran_gunathilaka/conda-envs/mlcv) DEBUGINFOD_URLS=https://debuginfod.ubuntu.com PYTHONPATH=/home/kiran_gunathilaka/development/mlcv/cone_detection_navigation/fs_ws/build/fs_control/prefix_override:/usr/lib/python3/dist-packages/colcon_core/task/python/colcon_distutils_commands:/home/kiran_gunathilaka/development/mlcv/cone_detection_navigation/fs_ws/install/fs_control/lib/python3.12/site-packages:${PYTHONPATH} /usr/bin/python3 -W ignore:setup.py install is deprecated -W ignore:easy_install command is deprecated setup.py egg_info --egg-base ../../build/fs_control build --build-base /home/kiran_gunathilaka/development/mlcv/cone_detection_navigation/fs_ws/build/fs_control/build install --record /home/kiran_gunathilaka/development/mlcv/cone_detection_navigation/fs_ws/build/fs_control/install.log --single-version-externally-managed install_data
[2.372s] running egg_info
[2.372s] creating ../../build/fs_control/fs_control.egg-info
[2.399s] writing ../../build/fs_control/fs_control.egg-info/PKG-INFO
[2.400s] writing dependency_links to ../../build/fs_control/fs_control.egg-info/dependency_links.txt
[2.400s] writing requirements to ../../build/fs_control/fs_control.egg-info/requires.txt
[2.400s] writing top-level names to ../../build/fs_control/fs_control.egg-info/top_level.txt
[2.401s] writing manifest file '../../build/fs_control/fs_control.egg-info/SOURCES.txt'
[2.460s] reading manifest file '../../build/fs_control/fs_control.egg-info/SOURCES.txt'
[2.461s] writing manifest file '../../build/fs_control/fs_control.egg-info/SOURCES.txt'
[2.462s] running build
[2.462s] running build_py
[2.462s] creating /home/kiran_gunathilaka/development/mlcv/cone_detection_navigation/fs_ws/build/fs_control/build
[2.462s] creating /home/kiran_gunathilaka/development/mlcv/cone_detection_navigation/fs_ws/build/fs_control/build/lib
[2.462s] creating /home/kiran_gunathilaka/development/mlcv/cone_detection_navigation/fs_ws/build/fs_control/build/lib/fs_control
[2.462s] copying fs_control/__init__.py -> /home/kiran_gunathilaka/development/mlcv/cone_detection_navigation/fs_ws/build/fs_control/build/lib/fs_control
[2.463s] running install
[2.469s] running install_lib
[2.497s] creating /home/kiran_gunathilaka/development/mlcv/cone_detection_navigation/fs_ws/install/fs_control/lib/python3.12/site-packages/fs_control
[2.497s] copying /home/kiran_gunathilaka/development/mlcv/cone_detection_navigation/fs_ws/build/fs_control/build/lib/fs_control/__init__.py -> /home/kiran_gunathilaka/development/mlcv/cone_detection_navigation/fs_ws/install/fs_control/lib/python3.12/site-packages/fs_control
[2.498s] byte-compiling /home/kiran_gunathilaka/development/mlcv/cone_detection_navigation/fs_ws/install/fs_control/lib/python3.12/site-packages/fs_control/__init__.py to __init__.cpython-312.pyc
[2.498s] running install_data
[2.498s] creating /home/kiran_gunathilaka/development/mlcv/cone_detection_navigation/fs_ws/install/fs_control/share/ament_index
[2.498s] creating /home/kiran_gunathilaka/development/mlcv/cone_detection_navigation/fs_ws/install/fs_control/share/ament_index/resource_index
[2.498s] creating /home/kiran_gunathilaka/development/mlcv/cone_detection_navigation/fs_ws/install/fs_control/share/ament_index/resource_index/packages
[2.499s] copying resource/fs_control -> /home/kiran_gunathilaka/development/mlcv/cone_detection_navigation/fs_ws/install/fs_control/share/ament_index/resource_index/packages
[2.499s] copying package.xml -> /home/kiran_gunathilaka/development/mlcv/cone_detection_navigation/fs_ws/install/fs_control/share/fs_control
[2.499s] running install_egg_info
[2.526s] Copying ../../build/fs_control/fs_control.egg-info to /home/kiran_gunathilaka/development/mlcv/cone_detection_navigation/fs_ws/install/fs_control/lib/python3.12/site-packages/fs_control-0.0.0-py3.12.egg-info
[2.527s] running install_scripts
[2.695s] writing list of installed files to '/home/kiran_gunathilaka/development/mlcv/cone_detection_navigation/fs_ws/build/fs_control/install.log'
[2.786s] Invoked command in '/home/kiran_gunathilaka/development/mlcv/cone_detection_navigation/fs_ws/src/fs_control' returned '0': CONDA_PROMPT_MODIFIER=(/home/kiran_gunathilaka/conda-envs/mlcv) DEBUGINFOD_URLS=https://debuginfod.ubuntu.com PYTHONPATH=/home/kiran_gunathilaka/development/mlcv/cone_detection_navigation/fs_ws/build/fs_control/prefix_override:/usr/lib/python3/dist-packages/colcon_core/task/python/colcon_distutils_commands:/home/kiran_gunathilaka/development/mlcv/cone_detection_navigation/fs_ws/install/fs_control/lib/python3.12/site-packages:${PYTHONPATH} /usr/bin/python3 -W ignore:setup.py install is deprecated -W ignore:easy_install command is deprecated setup.py egg_info --egg-base ../../build/fs_control build --build-base /home/kiran_gunathilaka/development/mlcv/cone_detection_navigation/fs_ws/build/fs_control/build install --record /home/kiran_gunathilaka/development/mlcv/cone_detection_navigation/fs_ws/build/fs_control/install.log --single-version-externally-managed install_data
